0 info it worked if it ends with ok
1 verbose cli [ 'C:\\Program Files\\nodejs\\node.exe',
1 verbose cli   'D:\\Users\\steven03.chen\\AppData\\Roaming\\npm\\node_modules\\cnpm\\node_modules\\npm\\bin\\npm-cli.js',
1 verbose cli   '--userconfig=D:\\Users\\steven03.chen\\.cnpmrc',
1 verbose cli   '--disturl=https://npm.taobao.org/mirrors/node',
1 verbose cli   '--cache=D:\\Users\\steven03.chen\\.cnpm',
1 verbose cli   '--registry=https://registry.npm.taobao.org',
1 verbose cli   '--node-gyp=D:\\Users\\steven03.chen\\AppData\\Roaming\\npm\\node_modules\\cnpm\\node_modules\\node-gyp\\bin\\node-gyp.js',
1 verbose cli   'install',
1 verbose cli   'history',
1 verbose cli   '--save' ]
2 info using npm@2.14.13
3 info using node@v5.1.0
4 verbose install initial load of E:\redux2\package.json
5 warn package.json redux2@0.0.0 No repository field.
6 warn package.json redux2@0.0.0 No README data
7 verbose installManyTop reading scoped package data from E:\redux2\node_modules\babel-core\package.json
8 verbose installManyTop reading scoped package data from E:\redux2\node_modules\babel-loader\package.json
9 verbose installManyTop reading scoped package data from E:\redux2\node_modules\babel-plugin-react-transform\package.json
10 verbose installManyTop reading scoped package data from E:\redux2\node_modules\babel-polyfill\package.json
11 verbose installManyTop reading scoped package data from E:\redux2\node_modules\babel-preset-react\package.json
12 verbose installManyTop reading scoped package data from E:\redux2\node_modules\babel-runtime\package.json
13 verbose installManyTop reading scoped package data from E:\redux2\node_modules\expect\package.json
14 verbose installManyTop reading scoped package data from E:\redux2\node_modules\express\package.json
15 verbose installManyTop reading scoped package data from E:\redux2\node_modules\history\package.json
16 verbose installManyTop reading scoped package data from E:\redux2\node_modules\jsdom\package.json
17 verbose installManyTop reading scoped package data from E:\redux2\node_modules\mocha\package.json
18 verbose installManyTop reading scoped package data from E:\redux2\node_modules\node-libs-browser\package.json
19 verbose installManyTop reading scoped package data from E:\redux2\node_modules\react\package.json
20 verbose installManyTop reading scoped package data from E:\redux2\node_modules\react-addons-test-utils\package.json
21 verbose installManyTop reading scoped package data from E:\redux2\node_modules\react-dom\package.json
22 verbose installManyTop reading scoped package data from E:\redux2\node_modules\react-redux\package.json
23 verbose installManyTop reading scoped package data from E:\redux2\node_modules\react-router\package.json
24 verbose installManyTop reading scoped package data from E:\redux2\node_modules\react-transform-hmr\package.json
25 verbose installManyTop reading scoped package data from E:\redux2\node_modules\redux\package.json
26 verbose installManyTop reading scoped package data from E:\redux2\node_modules\redux-router\package.json
27 verbose installManyTop reading scoped package data from E:\redux2\node_modules\webpack\package.json
28 verbose installManyTop reading scoped package data from E:\redux2\node_modules\webpack-dev-middleware\package.json
29 verbose installManyTop reading scoped package data from E:\redux2\node_modules\webpack-hot-middleware\package.json
30 info package.json babel-polyfill@6.3.14 No description
31 info package.json webpack-dev-middleware@1.4.0 No license field.
32 verbose readDependencies loading dependencies from E:\redux2\package.json
33 verbose install history is installed as 1.16.0
34 silly cache add args [ 'history@^1.13.1', null ]
35 verbose cache add spec history@^1.13.1
36 silly cache add parsed spec Result {
36 silly cache add   raw: 'history@^1.13.1',
36 silly cache add   scope: null,
36 silly cache add   name: 'history',
36 silly cache add   rawSpec: '^1.13.1',
36 silly cache add   spec: '>=1.13.1 <2.0.0',
36 silly cache add   type: 'range' }
37 silly addNamed history@>=1.13.1 <2.0.0
38 verbose addNamed ">=1.13.1 <2.0.0" is a valid semver range for history
39 silly addNameRange { name: 'history', range: '>=1.13.1 <2.0.0', hasData: false }
40 silly mapToRegistry name history
41 silly mapToRegistry using default registry
42 silly mapToRegistry registry https://registry.npm.taobao.org/
43 silly mapToRegistry uri https://registry.npm.taobao.org/history
44 verbose addNameRange registry:https://registry.npm.taobao.org/history not in flight; fetching
45 verbose request uri https://registry.npm.taobao.org/history
46 verbose request no auth needed
47 info attempt registry request try #1 at 18:35:38
48 verbose request id febc9c426a351ed0
49 verbose etag "15002-P40Woh5UsjCgNvnZM/Qxqw"
50 http request GET https://registry.npm.taobao.org/history
51 http 304 https://registry.npm.taobao.org/history
52 verbose headers { date: 'Mon, 14 Dec 2015 10:35:38 GMT',
52 verbose headers   connection: 'keep-alive',
52 verbose headers   etag: '"15002-P40Woh5UsjCgNvnZM/Qxqw"',
52 verbose headers   'x-readtime': '44' }
53 silly get cb [ 304,
53 silly get   { date: 'Mon, 14 Dec 2015 10:35:38 GMT',
53 silly get     connection: 'keep-alive',
53 silly get     etag: '"15002-P40Woh5UsjCgNvnZM/Qxqw"',
53 silly get     'x-readtime': '44' } ]
54 verbose etag https://registry.npm.taobao.org/history from cache
55 verbose get saving history to D:\Users\steven03.chen\.cnpm\registry.npm.taobao.org\history\.cache.json
56 silly addNameRange number 2 { name: 'history', range: '>=1.13.1 <2.0.0', hasData: true }
57 silly addNameRange versions [ 'history',
57 silly addNameRange   [ '1.16.0',
57 silly addNameRange     '1.15.0',
57 silly addNameRange     '1.14.0',
57 silly addNameRange     '1.13.1',
57 silly addNameRange     '1.13.0',
57 silly addNameRange     '1.12.6',
57 silly addNameRange     '1.12.5',
57 silly addNameRange     '1.12.4',
57 silly addNameRange     '1.12.3',
57 silly addNameRange     '1.12.2',
57 silly addNameRange     '1.12.1',
57 silly addNameRange     '1.12.0',
57 silly addNameRange     '1.11.1',
57 silly addNameRange     '1.11.0',
57 silly addNameRange     '1.10.2',
57 silly addNameRange     '1.10.1',
57 silly addNameRange     '1.10.0',
57 silly addNameRange     '1.9.1',
57 silly addNameRange     '1.9.0',
57 silly addNameRange     '1.8.5',
57 silly addNameRange     '1.8.4',
57 silly addNameRange     '1.8.3',
57 silly addNameRange     '1.8.2',
57 silly addNameRange     '1.8.1',
57 silly addNameRange     '1.8.0',
57 silly addNameRange     '1.7.0',
57 silly addNameRange     '1.6.0',
57 silly addNameRange     '1.5.0',
57 silly addNameRange     '1.4.1',
57 silly addNameRange     '1.4.0',
57 silly addNameRange     '1.3.3',
57 silly addNameRange     '1.3.2',
57 silly addNameRange     '1.3.1',
57 silly addNameRange     '1.3.0',
57 silly addNameRange     '1.2.2',
57 silly addNameRange     '1.2.1',
57 silly addNameRange     '1.2.0',
57 silly addNameRange     '1.1.0',
57 silly addNameRange     '1.0.0',
57 silly addNameRange     '0.1.0' ] ]
58 silly addNamed history@1.16.0
59 verbose addNamed "1.16.0" is a plain semver version for history
60 silly cache afterAdd history@1.16.0
61 verbose afterAdd D:\Users\steven03.chen\.cnpm\history\1.16.0\package\package.json not in flight; writing
62 verbose afterAdd D:\Users\steven03.chen\.cnpm\history\1.16.0\package\package.json written
63 silly install resolved [ { name: 'history',
63 silly install resolved     version: '1.16.0',
63 silly install resolved     description: 'A minimal, functional history implementation for JavaScript',
63 silly install resolved     files: [ '*.md', 'docs', 'es6', 'lib', 'npm-scripts', 'umd' ],
63 silly install resolved     main: 'lib/index',
63 silly install resolved     repository: { type: 'git', url: 'git+https://github.com/rackt/history.git' },
63 silly install resolved     bugs: { url: 'https://github.com/rackt/history/issues' },
63 silly install resolved     scripts:
63 silly install resolved      { build: 'npm run build-cjs && npm run build-es6',
63 silly install resolved        'build-cjs': 'rimraf lib && babel ./modules --stage 0 --loose all --plugins dev-expression -d lib --ignore \'__tests__\'',
63 silly install resolved        'build-es6': 'rimraf es6 && babel ./modules --stage 0 --loose all --plugins dev-expression -d es6 --blacklist=es6.modules --ignore \'__tests__\'',
63 silly install resolved        'build-umd': 'NODE_ENV=production webpack modules/index.js umd/History.js',
63 silly install resolved        'build-min': 'NODE_ENV=production webpack -p modules/index.js umd/History.min.js',
63 silly install resolved        lint: 'eslint modules',
63 silly install resolved        start: 'webpack-dev-server -d --content-base ./ --history-api-fallback --inline modules/index.js',
63 silly install resolved        test: 'npm run lint && karma start',
63 silly install resolved        postinstall: 'node ./npm-scripts/postinstall.js' },
63 silly install resolved     authors: [ 'Michael Jackson' ],
63 silly install resolved     license: 'MIT',
63 silly install resolved     dependencies:
63 silly install resolved      { 'deep-equal': '^1.0.0',
63 silly install resolved        invariant: '^2.0.0',
63 silly install resolved        'query-string': '^3.0.0',
63 silly install resolved        warning: '^2.0.0' },
63 silly install resolved     devDependencies:
63 silly install resolved      { assert: '1.3.0',
63 silly install resolved        babel: '^5.4.7',
63 silly install resolved        'babel-core': '^5.4.7',
63 silly install resolved        'babel-eslint': '^3.1.23',
63 silly install resolved        'babel-loader': '^5.0.0',
63 silly install resolved        'babel-plugin-dev-expression': '^0.1.0',
63 silly install resolved        eslint: '1.4.1',
63 silly install resolved        'eslint-config-rackt': '1.0.0',
63 silly install resolved        'eslint-plugin-react': '3.3.2',
63 silly install resolved        expect: '^1.12.0',
63 silly install resolved        'gzip-size': '^3.0.0',
63 silly install resolved        'isparta-loader': '^1.0.0',
63 silly install resolved        karma: '^0.13.3',
63 silly install resolved        'karma-browserstack-launcher': '^0.1.3',
63 silly install resolved        'karma-chrome-launcher': '^0.2.0',
63 silly install resolved        'karma-coverage': '^0.5.3',
63 silly install resolved        'karma-coveralls': '^1.1.2',
63 silly install resolved        'karma-mocha': '^0.2.0',
63 silly install resolved        'karma-mocha-reporter': '^1.0.4',
63 silly install resolved        'karma-sourcemap-loader': '^0.3.5',
63 silly install resolved        'karma-webpack': '^1.7.0',
63 silly install resolved        mocha: '^2.0.1',
63 silly install resolved        'pretty-bytes': '^2.0.1',
63 silly install resolved        rimraf: '^2.4.2',
63 silly install resolved        webpack: '^1.4.13',
63 silly install resolved        'webpack-dev-server': '^1.10.1' },
63 silly install resolved     tags: [ 'history', 'location' ],
63 silly install resolved     keywords: [ 'history', 'location' ],
63 silly install resolved     gitHead: '275259f3133df326e824b9ccf8e7e772a6c539eb',
63 silly install resolved     homepage: 'https://github.com/rackt/history#readme',
63 silly install resolved     _id: 'history@1.16.0',
63 silly install resolved     _shasum: '2b4344ed57cad7b611ef224a63a58d48842b8a4e',
63 silly install resolved     _from: 'history@>=1.13.1 <2.0.0',
63 silly install resolved     _npmVersion: '3.4.1',
63 silly install resolved     _nodeVersion: '5.0.0',
63 silly install resolved     _npmUser: { name: 'mjackson', email: 'mjijackson@gmail.com' },
63 silly install resolved     dist:
63 silly install resolved      { shasum: '2b4344ed57cad7b611ef224a63a58d48842b8a4e',
63 silly install resolved        size: 48316,
63 silly install resolved        noattachment: false,
63 silly install resolved        tarball: 'http://registry.npm.taobao.org/history/download/history-1.16.0.tgz' },
63 silly install resolved     maintainers: [ [Object] ],
63 silly install resolved     directories: {},
63 silly install resolved     publish_time: 1449788486708,
63 silly install resolved     _cnpm_publish_time: 1449788486708,
63 silly install resolved     _resolved: 'https://registry.npm.taobao.org/history/download/history-1.16.0.tgz',
63 silly install resolved     readme: 'ERROR: No README data found!' } ]
64 info install history@1.16.0 into E:\redux2
65 info installOne history@1.16.0
66 verbose installOne of history to E:\redux2 not in flight; installing
67 verbose lock using D:\Users\steven03.chen\.cnpm\_locks\history-38fbbfd4bf90a8f0.lock for E:\redux2\node_modules\history
68 silly install write writing history 1.16.0 to E:\redux2\node_modules\history
69 verbose unbuild node_modules\history
70 info preuninstall history@1.16.0
71 info uninstall history@1.16.0
72 verbose unbuild rmStuff history@1.16.0 from E:\redux2\node_modules
73 info postuninstall history@1.16.0
74 silly gentlyRm E:\redux2\node_modules\history is being purged from base E:\redux2
75 verbose gentlyRm don't care about contents; nuking E:\redux2\node_modules\history
76 silly vacuum-fs purging E:\redux2\node_modules\history
77 silly vacuum-fs quitting because other entries in E:\redux2\node_modules
78 verbose tar unpack D:\Users\steven03.chen\.cnpm\history\1.16.0\package.tgz
79 verbose tar unpacking to E:\redux2\node_modules\history
80 silly gentlyRm E:\redux2\node_modules\history is being purged
81 verbose gentlyRm don't care about contents; nuking E:\redux2\node_modules\history
82 silly gunzTarPerm modes [ '777', '666' ]
83 silly gunzTarPerm extractEntry package.json
84 silly gunzTarPerm modified mode [ 'package.json', 420, 438 ]
85 silly gunzTarPerm extractEntry README.md
86 silly gunzTarPerm modified mode [ 'README.md', 420, 438 ]
87 silly gunzTarPerm extractEntry CONTRIBUTING.md
88 silly gunzTarPerm modified mode [ 'CONTRIBUTING.md', 420, 438 ]
89 silly gunzTarPerm extractEntry LICENSE.md
90 silly gunzTarPerm modified mode [ 'LICENSE.md', 420, 438 ]
91 silly gunzTarPerm extractEntry docs/README.md
92 silly gunzTarPerm modified mode [ 'docs/README.md', 420, 438 ]
93 silly gunzTarPerm extractEntry docs/BasenameSupport.md
94 silly gunzTarPerm modified mode [ 'docs/BasenameSupport.md', 420, 438 ]
95 silly gunzTarPerm extractEntry docs/ConfirmingNavigation.md
96 silly gunzTarPerm modified mode [ 'docs/ConfirmingNavigation.md', 420, 438 ]
97 silly gunzTarPerm extractEntry docs/GettingStarted.md
98 silly gunzTarPerm modified mode [ 'docs/GettingStarted.md', 420, 438 ]
99 silly gunzTarPerm extractEntry docs/Glossary.md
100 silly gunzTarPerm modified mode [ 'docs/Glossary.md', 420, 438 ]
101 silly gunzTarPerm extractEntry docs/HashHistoryCaveats.md
102 silly gunzTarPerm modified mode [ 'docs/HashHistoryCaveats.md', 420, 438 ]
103 silly gunzTarPerm extractEntry docs/Location.md
104 silly gunzTarPerm modified mode [ 'docs/Location.md', 420, 438 ]
105 silly gunzTarPerm extractEntry docs/QuerySupport.md
106 silly gunzTarPerm modified mode [ 'docs/QuerySupport.md', 420, 438 ]
107 silly gunzTarPerm extractEntry es6/Actions.js
108 silly gunzTarPerm modified mode [ 'es6/Actions.js', 420, 438 ]
109 silly gunzTarPerm extractEntry es6/createHashHistory.js
110 silly gunzTarPerm modified mode [ 'es6/createHashHistory.js', 420, 438 ]
111 silly gunzTarPerm extractEntry es6/createHistory.js
112 silly gunzTarPerm modified mode [ 'es6/createHistory.js', 420, 438 ]
113 silly gunzTarPerm extractEntry es6/createLocation.js
114 silly gunzTarPerm modified mode [ 'es6/createLocation.js', 420, 438 ]
115 silly gunzTarPerm extractEntry es6/createDOMHistory.js
116 silly gunzTarPerm modified mode [ 'es6/createDOMHistory.js', 420, 438 ]
117 silly gunzTarPerm extractEntry es6/deprecate.js
118 silly gunzTarPerm modified mode [ 'es6/deprecate.js', 420, 438 ]
119 silly gunzTarPerm extractEntry es6/enableBeforeUnload.js
120 silly gunzTarPerm modified mode [ 'es6/enableBeforeUnload.js', 420, 438 ]
121 silly gunzTarPerm extractEntry es6/enableQueries.js
122 silly gunzTarPerm modified mode [ 'es6/enableQueries.js', 420, 438 ]
123 silly gunzTarPerm extractEntry es6/extractPath.js
124 silly gunzTarPerm modified mode [ 'es6/extractPath.js', 420, 438 ]
125 silly gunzTarPerm extractEntry es6/index.js
126 silly gunzTarPerm modified mode [ 'es6/index.js', 420, 438 ]
127 silly gunzTarPerm extractEntry es6/createBrowserHistory.js
128 silly gunzTarPerm modified mode [ 'es6/createBrowserHistory.js', 420, 438 ]
129 silly gunzTarPerm extractEntry es6/parsePath.js
130 silly gunzTarPerm modified mode [ 'es6/parsePath.js', 420, 438 ]
131 silly gunzTarPerm extractEntry es6/ExecutionEnvironment.js
132 silly gunzTarPerm modified mode [ 'es6/ExecutionEnvironment.js', 420, 438 ]
133 silly gunzTarPerm extractEntry es6/runTransitionHook.js
134 silly gunzTarPerm modified mode [ 'es6/runTransitionHook.js', 420, 438 ]
135 silly gunzTarPerm extractEntry es6/DOMUtils.js
136 silly gunzTarPerm modified mode [ 'es6/DOMUtils.js', 420, 438 ]
137 silly gunzTarPerm extractEntry es6/useBasename.js
138 silly gunzTarPerm modified mode [ 'es6/useBasename.js', 420, 438 ]
139 silly gunzTarPerm extractEntry es6/DOMStateStorage.js
140 silly gunzTarPerm modified mode [ 'es6/DOMStateStorage.js', 420, 438 ]
141 silly gunzTarPerm extractEntry es6/useBeforeUnload.js
142 silly gunzTarPerm modified mode [ 'es6/useBeforeUnload.js', 420, 438 ]
143 silly gunzTarPerm extractEntry es6/AsyncUtils.js
144 silly gunzTarPerm modified mode [ 'es6/AsyncUtils.js', 420, 438 ]
145 silly gunzTarPerm extractEntry es6/useQueries.js
146 silly gunzTarPerm modified mode [ 'es6/useQueries.js', 420, 438 ]
147 silly gunzTarPerm extractEntry es6/createMemoryHistory.js
148 silly gunzTarPerm modified mode [ 'es6/createMemoryHistory.js', 420, 438 ]
149 silly gunzTarPerm extractEntry lib/Actions.js
150 silly gunzTarPerm modified mode [ 'lib/Actions.js', 420, 438 ]
151 silly gunzTarPerm extractEntry lib/createHashHistory.js
152 silly gunzTarPerm modified mode [ 'lib/createHashHistory.js', 420, 438 ]
153 silly gunzTarPerm extractEntry lib/createHistory.js
154 silly gunzTarPerm modified mode [ 'lib/createHistory.js', 420, 438 ]
155 silly gunzTarPerm extractEntry lib/createLocation.js
156 silly gunzTarPerm modified mode [ 'lib/createLocation.js', 420, 438 ]
157 silly gunzTarPerm extractEntry lib/createDOMHistory.js
158 silly gunzTarPerm modified mode [ 'lib/createDOMHistory.js', 420, 438 ]
159 silly gunzTarPerm extractEntry lib/deprecate.js
160 silly gunzTarPerm modified mode [ 'lib/deprecate.js', 420, 438 ]
161 silly gunzTarPerm extractEntry lib/enableBeforeUnload.js
162 silly gunzTarPerm modified mode [ 'lib/enableBeforeUnload.js', 420, 438 ]
163 silly gunzTarPerm extractEntry lib/enableQueries.js
164 silly gunzTarPerm modified mode [ 'lib/enableQueries.js', 420, 438 ]
165 silly gunzTarPerm extractEntry lib/extractPath.js
166 silly gunzTarPerm modified mode [ 'lib/extractPath.js', 420, 438 ]
167 silly gunzTarPerm extractEntry lib/index.js
168 silly gunzTarPerm modified mode [ 'lib/index.js', 420, 438 ]
169 silly gunzTarPerm extractEntry lib/createBrowserHistory.js
170 silly gunzTarPerm modified mode [ 'lib/createBrowserHistory.js', 420, 438 ]
171 silly gunzTarPerm extractEntry lib/parsePath.js
172 silly gunzTarPerm modified mode [ 'lib/parsePath.js', 420, 438 ]
173 silly gunzTarPerm extractEntry lib/ExecutionEnvironment.js
174 silly gunzTarPerm modified mode [ 'lib/ExecutionEnvironment.js', 420, 438 ]
175 silly gunzTarPerm extractEntry lib/runTransitionHook.js
176 silly gunzTarPerm modified mode [ 'lib/runTransitionHook.js', 420, 438 ]
177 silly gunzTarPerm extractEntry lib/DOMUtils.js
178 silly gunzTarPerm modified mode [ 'lib/DOMUtils.js', 420, 438 ]
179 silly gunzTarPerm extractEntry lib/useBasename.js
180 silly gunzTarPerm modified mode [ 'lib/useBasename.js', 420, 438 ]
181 silly gunzTarPerm extractEntry lib/DOMStateStorage.js
182 silly gunzTarPerm modified mode [ 'lib/DOMStateStorage.js', 420, 438 ]
183 silly gunzTarPerm extractEntry lib/useBeforeUnload.js
184 silly gunzTarPerm modified mode [ 'lib/useBeforeUnload.js', 420, 438 ]
185 silly gunzTarPerm extractEntry lib/AsyncUtils.js
186 silly gunzTarPerm modified mode [ 'lib/AsyncUtils.js', 420, 438 ]
187 silly gunzTarPerm extractEntry lib/useQueries.js
188 silly gunzTarPerm modified mode [ 'lib/useQueries.js', 420, 438 ]
189 silly gunzTarPerm extractEntry lib/createMemoryHistory.js
190 silly gunzTarPerm modified mode [ 'lib/createMemoryHistory.js', 420, 438 ]
191 silly gunzTarPerm extractEntry umd/History.js
192 silly gunzTarPerm modified mode [ 'umd/History.js', 420, 438 ]
193 silly gunzTarPerm extractEntry umd/History.min.js
194 silly gunzTarPerm modified mode [ 'umd/History.min.js', 420, 438 ]
195 silly gunzTarPerm extractEntry npm-scripts/postinstall.js
196 silly gunzTarPerm modified mode [ 'npm-scripts/postinstall.js', 420, 438 ]
197 silly gunzTarPerm extractEntry CHANGES.md
198 silly gunzTarPerm modified mode [ 'CHANGES.md', 420, 438 ]
199 verbose write writing to E:\redux2\node_modules\history\package.json
200 info preinstall history@1.16.0
201 verbose readDependencies loading dependencies from E:\redux2\node_modules\history\package.json
202 silly prepareForInstallMany adding deep-equal@^1.0.0 from history dependencies
203 silly prepareForInstallMany adding invariant@^2.0.0 from history dependencies
204 silly prepareForInstallMany adding query-string@^3.0.0 from history dependencies
205 silly prepareForInstallMany adding warning@^2.0.0 from history dependencies
206 verbose readDependencies loading dependencies from E:\redux2\node_modules\history\package.json
207 silly cache add args [ 'invariant@^2.0.0', null ]
208 verbose cache add spec invariant@^2.0.0
209 silly cache add parsed spec Result {
209 silly cache add   raw: 'invariant@^2.0.0',
209 silly cache add   scope: null,
209 silly cache add   name: 'invariant',
209 silly cache add   rawSpec: '^2.0.0',
209 silly cache add   spec: '>=2.0.0 <3.0.0',
209 silly cache add   type: 'range' }
210 silly addNamed invariant@>=2.0.0 <3.0.0
211 verbose addNamed ">=2.0.0 <3.0.0" is a valid semver range for invariant
212 silly addNameRange { name: 'invariant', range: '>=2.0.0 <3.0.0', hasData: false }
213 silly mapToRegistry name invariant
214 silly mapToRegistry using default registry
215 silly mapToRegistry registry https://registry.npm.taobao.org/
216 silly mapToRegistry uri https://registry.npm.taobao.org/invariant
217 verbose addNameRange registry:https://registry.npm.taobao.org/invariant not in flight; fetching
218 silly cache add args [ 'query-string@^3.0.0', null ]
219 verbose cache add spec query-string@^3.0.0
220 silly cache add parsed spec Result {
220 silly cache add   raw: 'query-string@^3.0.0',
220 silly cache add   scope: null,
220 silly cache add   name: 'query-string',
220 silly cache add   rawSpec: '^3.0.0',
220 silly cache add   spec: '>=3.0.0 <4.0.0',
220 silly cache add   type: 'range' }
221 silly addNamed query-string@>=3.0.0 <4.0.0
222 verbose addNamed ">=3.0.0 <4.0.0" is a valid semver range for query-string
223 silly addNameRange { name: 'query-string', range: '>=3.0.0 <4.0.0', hasData: false }
224 silly mapToRegistry name query-string
225 silly mapToRegistry using default registry
226 silly mapToRegistry registry https://registry.npm.taobao.org/
227 silly mapToRegistry uri https://registry.npm.taobao.org/query-string
228 verbose addNameRange registry:https://registry.npm.taobao.org/query-string not in flight; fetching
229 silly cache add args [ 'warning@^2.0.0', null ]
230 verbose cache add spec warning@^2.0.0
231 silly cache add parsed spec Result {
231 silly cache add   raw: 'warning@^2.0.0',
231 silly cache add   scope: null,
231 silly cache add   name: 'warning',
231 silly cache add   rawSpec: '^2.0.0',
231 silly cache add   spec: '>=2.0.0 <3.0.0',
231 silly cache add   type: 'range' }
232 silly addNamed warning@>=2.0.0 <3.0.0
233 verbose addNamed ">=2.0.0 <3.0.0" is a valid semver range for warning
234 silly addNameRange { name: 'warning', range: '>=2.0.0 <3.0.0', hasData: false }
235 silly mapToRegistry name warning
236 silly mapToRegistry using default registry
237 silly mapToRegistry registry https://registry.npm.taobao.org/
238 silly mapToRegistry uri https://registry.npm.taobao.org/warning
239 verbose addNameRange registry:https://registry.npm.taobao.org/warning not in flight; fetching
240 silly cache add args [ 'deep-equal@^1.0.0', null ]
241 verbose cache add spec deep-equal@^1.0.0
242 silly cache add parsed spec Result {
242 silly cache add   raw: 'deep-equal@^1.0.0',
242 silly cache add   scope: null,
242 silly cache add   name: 'deep-equal',
242 silly cache add   rawSpec: '^1.0.0',
242 silly cache add   spec: '>=1.0.0 <2.0.0',
242 silly cache add   type: 'range' }
243 silly addNamed deep-equal@>=1.0.0 <2.0.0
244 verbose addNamed ">=1.0.0 <2.0.0" is a valid semver range for deep-equal
245 silly addNameRange { name: 'deep-equal', range: '>=1.0.0 <2.0.0', hasData: false }
246 silly mapToRegistry name deep-equal
247 silly mapToRegistry using default registry
248 silly mapToRegistry registry https://registry.npm.taobao.org/
249 silly mapToRegistry uri https://registry.npm.taobao.org/deep-equal
250 verbose addNameRange registry:https://registry.npm.taobao.org/deep-equal not in flight; fetching
251 verbose request uri https://registry.npm.taobao.org/warning
252 verbose request no auth needed
253 info attempt registry request try #1 at 18:35:39
254 verbose etag "1f04-GEHU7uE30F6acBKICnsz7A"
255 http request GET https://registry.npm.taobao.org/warning
256 verbose request uri https://registry.npm.taobao.org/invariant
257 verbose request no auth needed
258 info attempt registry request try #1 at 18:35:39
259 verbose etag "34bd-i6xweI0/xoCdZSfCSOBX9Q"
260 http request GET https://registry.npm.taobao.org/invariant
261 verbose request uri https://registry.npm.taobao.org/query-string
262 verbose request no auth needed
263 info attempt registry request try #1 at 18:35:39
264 verbose etag "5f0d-k5c9T8c4ExtmI4X/jc0/FQ"
265 http request GET https://registry.npm.taobao.org/query-string
266 verbose request uri https://registry.npm.taobao.org/deep-equal
267 verbose request no auth needed
268 info attempt registry request try #1 at 18:35:39
269 verbose etag "336c-+F8sYxR2bsymEio5m3kpWg"
270 http request GET https://registry.npm.taobao.org/deep-equal
271 http 304 https://registry.npm.taobao.org/invariant
272 verbose headers { date: 'Mon, 14 Dec 2015 10:35:39 GMT',
272 verbose headers   connection: 'keep-alive',
272 verbose headers   etag: '"34bd-i6xweI0/xoCdZSfCSOBX9Q"',
272 verbose headers   'x-readtime': '16' }
273 silly get cb [ 304,
273 silly get   { date: 'Mon, 14 Dec 2015 10:35:39 GMT',
273 silly get     connection: 'keep-alive',
273 silly get     etag: '"34bd-i6xweI0/xoCdZSfCSOBX9Q"',
273 silly get     'x-readtime': '16' } ]
274 verbose etag https://registry.npm.taobao.org/invariant from cache
275 verbose get saving invariant to D:\Users\steven03.chen\.cnpm\registry.npm.taobao.org\invariant\.cache.json
276 http 304 https://registry.npm.taobao.org/deep-equal
277 verbose headers { date: 'Mon, 14 Dec 2015 10:35:39 GMT',
277 verbose headers   connection: 'keep-alive',
277 verbose headers   etag: '"336c-+F8sYxR2bsymEio5m3kpWg"',
277 verbose headers   'x-readtime': '33' }
278 silly get cb [ 304,
278 silly get   { date: 'Mon, 14 Dec 2015 10:35:39 GMT',
278 silly get     connection: 'keep-alive',
278 silly get     etag: '"336c-+F8sYxR2bsymEio5m3kpWg"',
278 silly get     'x-readtime': '33' } ]
279 verbose etag https://registry.npm.taobao.org/deep-equal from cache
280 verbose get saving deep-equal to D:\Users\steven03.chen\.cnpm\registry.npm.taobao.org\deep-equal\.cache.json
281 silly addNameRange number 2 { name: 'invariant', range: '>=2.0.0 <3.0.0', hasData: true }
282 silly addNameRange versions [ 'invariant',
282 silly addNameRange   [ '2.2.0',
282 silly addNameRange     '2.1.3',
282 silly addNameRange     '2.1.2',
282 silly addNameRange     '2.1.1',
282 silly addNameRange     '2.1.0',
282 silly addNameRange     '2.0.0',
282 silly addNameRange     '1.0.2',
282 silly addNameRange     '1.0.1',
282 silly addNameRange     '1.0.0' ] ]
283 silly addNamed invariant@2.2.0
284 verbose addNamed "2.2.0" is a plain semver version for invariant
285 silly cache afterAdd invariant@2.2.0
286 verbose afterAdd D:\Users\steven03.chen\.cnpm\invariant\2.2.0\package\package.json not in flight; writing
287 silly addNameRange number 2 { name: 'deep-equal', range: '>=1.0.0 <2.0.0', hasData: true }
288 silly addNameRange versions [ 'deep-equal',
288 silly addNameRange   [ '1.0.1',
288 silly addNameRange     '1.0.0',
288 silly addNameRange     '0.2.2',
288 silly addNameRange     '0.2.1',
288 silly addNameRange     '0.2.0',
288 silly addNameRange     '0.1.2',
288 silly addNameRange     '0.1.1',
288 silly addNameRange     '0.1.0',
288 silly addNameRange     '0.0.0' ] ]
289 silly addNamed deep-equal@1.0.1
290 verbose addNamed "1.0.1" is a plain semver version for deep-equal
291 verbose afterAdd D:\Users\steven03.chen\.cnpm\invariant\2.2.0\package\package.json written
292 silly cache afterAdd deep-equal@1.0.1
293 verbose afterAdd D:\Users\steven03.chen\.cnpm\deep-equal\1.0.1\package\package.json not in flight; writing
294 verbose afterAdd D:\Users\steven03.chen\.cnpm\deep-equal\1.0.1\package\package.json written
295 http 304 https://registry.npm.taobao.org/query-string
296 verbose headers { date: 'Mon, 14 Dec 2015 10:35:39 GMT',
296 verbose headers   connection: 'keep-alive',
296 verbose headers   etag: '"5f0d-k5c9T8c4ExtmI4X/jc0/FQ"',
296 verbose headers   'x-readtime': '19' }
297 silly get cb [ 304,
297 silly get   { date: 'Mon, 14 Dec 2015 10:35:39 GMT',
297 silly get     connection: 'keep-alive',
297 silly get     etag: '"5f0d-k5c9T8c4ExtmI4X/jc0/FQ"',
297 silly get     'x-readtime': '19' } ]
298 verbose etag https://registry.npm.taobao.org/query-string from cache
299 verbose get saving query-string to D:\Users\steven03.chen\.cnpm\registry.npm.taobao.org\query-string\.cache.json
300 silly addNameRange number 2 { name: 'query-string', range: '>=3.0.0 <4.0.0', hasData: true }
301 silly addNameRange versions [ 'query-string',
301 silly addNameRange   [ '3.0.0',
301 silly addNameRange     '2.4.2',
301 silly addNameRange     '2.4.1',
301 silly addNameRange     '2.4.0',
301 silly addNameRange     '2.3.0',
301 silly addNameRange     '2.2.0',
301 silly addNameRange     '2.1.0',
301 silly addNameRange     '2.0.0',
301 silly addNameRange     '1.0.1',
301 silly addNameRange     '1.0.0',
301 silly addNameRange     '0.4.1',
301 silly addNameRange     '0.4.0',
301 silly addNameRange     '0.3.1',
301 silly addNameRange     '0.3.0',
301 silly addNameRange     '0.2.0',
301 silly addNameRange     '0.1.1',
301 silly addNameRange     '0.1.0' ] ]
302 silly addNamed query-string@3.0.0
303 verbose addNamed "3.0.0" is a plain semver version for query-string
304 silly cache afterAdd query-string@3.0.0
305 verbose afterAdd D:\Users\steven03.chen\.cnpm\query-string\3.0.0\package\package.json not in flight; writing
306 http 304 https://registry.npm.taobao.org/warning
307 verbose headers { date: 'Mon, 14 Dec 2015 10:35:39 GMT',
307 verbose headers   connection: 'keep-alive',
307 verbose headers   etag: '"1f04-GEHU7uE30F6acBKICnsz7A"',
307 verbose headers   'x-readtime': '26' }
308 silly get cb [ 304,
308 silly get   { date: 'Mon, 14 Dec 2015 10:35:39 GMT',
308 silly get     connection: 'keep-alive',
308 silly get     etag: '"1f04-GEHU7uE30F6acBKICnsz7A"',
308 silly get     'x-readtime': '26' } ]
309 verbose etag https://registry.npm.taobao.org/warning from cache
310 verbose get saving warning to D:\Users\steven03.chen\.cnpm\registry.npm.taobao.org\warning\.cache.json
311 verbose afterAdd D:\Users\steven03.chen\.cnpm\query-string\3.0.0\package\package.json written
312 silly addNameRange number 2 { name: 'warning', range: '>=2.0.0 <3.0.0', hasData: true }
313 silly addNameRange versions [ 'warning', [ '2.1.0', '2.0.0', '1.0.2', '1.0.1', '1.0.0' ] ]
314 silly addNamed warning@2.1.0
315 verbose addNamed "2.1.0" is a plain semver version for warning
316 silly cache afterAdd warning@2.1.0
317 verbose afterAdd D:\Users\steven03.chen\.cnpm\warning\2.1.0\package\package.json not in flight; writing
318 verbose afterAdd D:\Users\steven03.chen\.cnpm\warning\2.1.0\package\package.json written
319 silly install resolved [ { name: 'invariant',
319 silly install resolved     version: '2.2.0',
319 silly install resolved     description: 'invariant',
319 silly install resolved     keywords: [ 'test' ],
319 silly install resolved     license: 'BSD-3-Clause',
319 silly install resolved     author: { name: 'Andres Suarez', email: 'zertosh@gmail.com' },
319 silly install resolved     files: [ 'invariant.js', 'browser.js' ],
319 silly install resolved     repository:
319 silly install resolved      { type: 'git',
319 silly install resolved        url: 'git+https://github.com/zertosh/invariant.git' },
319 silly install resolved     scripts: { test: 'NODE_ENV=production tap test/*.js && NODE_ENV=development tap test/*.js' },
319 silly install resolved     dependencies: { 'loose-envify': '^1.0.0' },
319 silly install resolved     devDependencies: { browserify: '^11.0.1', tap: '^1.4.0' },
319 silly install resolved     main: 'invariant.js',
319 silly install resolved     browser: 'browser.js',
319 silly install resolved     browserify: { transform: [Object] },
319 silly install resolved     gitHead: '1660eab9f183183e71ef57a7765bb1121680fff9',
319 silly install resolved     bugs: { url: 'https://github.com/zertosh/invariant/issues' },
319 silly install resolved     homepage: 'https://github.com/zertosh/invariant#readme',
319 silly install resolved     _id: 'invariant@2.2.0',
319 silly install resolved     _shasum: 'c8d7e847366a49cc18b622f058a689d481e895f2',
319 silly install resolved     _from: 'invariant@>=2.0.0 <3.0.0',
319 silly install resolved     _npmVersion: '2.14.7',
319 silly install resolved     _nodeVersion: '4.2.2',
319 silly install resolved     _npmUser: { name: 'zertosh', email: 'zertosh@gmail.com' },
319 silly install resolved     maintainers: [ [Object], [Object] ],
319 silly install resolved     dist:
319 silly install resolved      { shasum: 'c8d7e847366a49cc18b622f058a689d481e895f2',
319 silly install resolved        size: 2800,
319 silly install resolved        noattachment: false,
319 silly install resolved        tarball: 'http://registry.npm.taobao.org/invariant/download/invariant-2.2.0.tgz' },
319 silly install resolved     directories: {},
319 silly install resolved     publish_time: 1447778740580,
319 silly install resolved     _cnpm_publish_time: 1447778740580,
319 silly install resolved     _resolved: 'https://registry.npm.taobao.org/invariant/download/invariant-2.2.0.tgz',
319 silly install resolved     readme: 'ERROR: No README data found!' },
319 silly install resolved   { name: 'deep-equal',
319 silly install resolved     version: '1.0.1',
319 silly install resolved     description: 'node\'s assert.deepEqual algorithm',
319 silly install resolved     main: 'index.js',
319 silly install resolved     directories: { lib: '.', example: 'example', test: 'test' },
319 silly install resolved     scripts: { test: 'tape test/*.js' },
319 silly install resolved     devDependencies: { tape: '^3.5.0' },
319 silly install resolved     repository:
319 silly install resolved      { type: 'git',
319 silly install resolved        url: 'git+ssh://git@github.com/substack/node-deep-equal.git' },
319 silly install resolved     keywords: [ 'equality', 'equal', 'compare' ],
319 silly install resolved     author:
319 silly install resolved      { name: 'James Halliday',
319 silly install resolved        email: 'mail@substack.net',
319 silly install resolved        url: 'http://substack.net' },
319 silly install resolved     license: 'MIT',
319 silly install resolved     testling: { files: 'test/*.js', browsers: [Object] },
319 silly install resolved     gitHead: '59c511f5aeae19e3dd1de054077a789d7302be34',
319 silly install resolved     bugs: { url: 'https://github.com/substack/node-deep-equal/issues' },
319 silly install resolved     homepage: 'https://github.com/substack/node-deep-equal#readme',
319 silly install resolved     _id: 'deep-equal@1.0.1',
319 silly install resolved     _shasum: 'f5d260292b660e084eff4cdbc9f08ad3247448b5',
319 silly install resolved     _from: 'deep-equal@>=1.0.0 <2.0.0',
319 silly install resolved     _npmVersion: '3.2.2',
319 silly install resolved     _nodeVersion: '2.4.0',
319 silly install resolved     _npmUser: { name: 'substack', email: 'substack@gmail.com' },
319 silly install resolved     dist:
319 silly install resolved      { shasum: 'f5d260292b660e084eff4cdbc9f08ad3247448b5',
319 silly install resolved        size: 3797,
319 silly install resolved        noattachment: false,
319 silly install resolved        tarball: 'http://registry.npm.taobao.org/deep-equal/download/deep-equal-1.0.1.tgz' },
319 silly install resolved     maintainers: [ [Object] ],
319 silly install resolved     publish_time: 1440882148562,
319 silly install resolved     _cnpm_publish_time: 1440882148562,
319 silly install resolved     _resolved: 'https://registry.npm.taobao.org/deep-equal/download/deep-equal-1.0.1.tgz',
319 silly install resolved     readme: 'ERROR: No README data found!' },
319 silly install resolved   { name: 'query-string',
319 silly install resolved     version: '3.0.0',
319 silly install resolved     description: 'Parse and stringify URL query strings',
319 silly install resolved     license: 'MIT',
319 silly install resolved     repository:
319 silly install resolved      { type: 'git',
319 silly install resolved        url: 'git+https://github.com/sindresorhus/query-string.git' },
319 silly install resolved     author:
319 silly install resolved      { name: 'Sindre Sorhus',
319 silly install resolved        email: 'sindresorhus@gmail.com',
319 silly install resolved        url: 'sindresorhus.com' },
319 silly install resolved     engines: { node: '>=0.10.0' },
319 silly install resolved     scripts: { test: 'xo && ava' },
319 silly install resolved     files: [ 'index.js' ],
319 silly install resolved     keywords:
319 silly install resolved      [ 'browser',
319 silly install resolved        'querystring',
319 silly install resolved        'query',
319 silly install resolved        'string',
319 silly install resolved        'qs',
319 silly install resolved        'param',
319 silly install resolved        'parameter',
319 silly install resolved        'url',
319 silly install resolved        'uri',
319 silly install resolved        'parse',
319 silly install resolved        'stringify',
319 silly install resolved        'encode',
319 silly install resolved        'decode' ],
319 silly install resolved     dependencies: { 'strict-uri-encode': '^1.0.0' },
319 silly install resolved     devDependencies: { ava: '*', xo: '*' },
319 silly install resolved     gitHead: '265aee0b8bf185be8cc33bb38393b1156081a0f1',
319 silly install resolved     bugs: { url: 'https://github.com/sindresorhus/query-string/issues' },
319 silly install resolved     homepage: 'https://github.com/sindresorhus/query-string',
319 silly install resolved     _id: 'query-string@3.0.0',
319 silly install resolved     _shasum: '02fd306f0432040b91b11063f9404fe1bbd4ba7b',
319 silly install resolved     _from: 'query-string@>=3.0.0 <4.0.0',
319 silly install resolved     _npmVersion: '2.14.4',
319 silly install resolved     _nodeVersion: '4.1.1',
319 silly install resolved     _npmUser: { name: 'sindresorhus', email: 'sindresorhus@gmail.com' },
319 silly install resolved     dist:
319 silly install resolved      { shasum: '02fd306f0432040b91b11063f9404fe1bbd4ba7b',
319 silly install resolved        size: 2499,
319 silly install resolved        noattachment: false,
319 silly install resolved        tarball: 'http://registry.npm.taobao.org/query-string/download/query-string-3.0.0.tgz' },
319 silly install resolved     maintainers: [ [Object] ],
319 silly install resolved     directories: {},
319 silly install resolved     publish_time: 1444715420278,
319 silly install resolved     _cnpm_publish_time: 1444715420278,
319 silly install resolved     _resolved: 'https://registry.npm.taobao.org/query-string/download/query-string-3.0.0.tgz',
319 silly install resolved     readme: 'ERROR: No README data found!' },
319 silly install resolved   { name: 'warning',
319 silly install resolved     version: '2.1.0',
319 silly install resolved     description: 'A mirror of Facebook\'s Warning',
319 silly install resolved     main: 'warning.js',
319 silly install resolved     browser: 'browser.js',
319 silly install resolved     browserify: { transform: [Object] },
319 silly install resolved     files: [ 'browser.js', 'warning.js' ],
319 silly install resolved     scripts: { test: 'NODE_ENV=production tap test/*.js && NODE_ENV=development tap test/*.js' },
319 silly install resolved     dependencies: { 'loose-envify': '^1.0.0' },
319 silly install resolved     devDependencies: { browserify: '^11.0.1', tap: '^1.4.0' },
319 silly install resolved     repository: { type: 'git', url: 'git+https://github.com/r3dm/warning.git' },
319 silly install resolved     keywords: [ 'warning', 'facebook', 'react', 'invariant' ],
319 silly install resolved     author:
319 silly install resolved      { name: 'Berkeley Martinez',
319 silly install resolved        email: 'berkeley@r3dm.com',
319 silly install resolved        url: 'http://r3dm.com' },
319 silly install resolved     license: 'BSD-2-Clause',
319 silly install resolved     bugs: { url: 'https://github.com/r3dm/warning/issues' },
319 silly install resolved     homepage: 'https://github.com/r3dm/warning',
319 silly install resolved     gitHead: 'b7d56e3f6c21c3ee05af617222d16c7d80118443',
319 silly install resolved     _id: 'warning@2.1.0',
319 silly install resolved     _shasum: '21220d9c63afc77a8c92111e011af705ce0c6901',
319 silly install resolved     _from: 'warning@>=2.0.0 <3.0.0',
319 silly install resolved     _npmVersion: '2.11.1',
319 silly install resolved     _nodeVersion: '1.6.4',
319 silly install resolved     _npmUser: { name: 'berkeleytrue', email: 'berkeley@robotie.com' },
319 silly install resolved     maintainers: [ [Object] ],
319 silly install resolved     dist:
319 silly install resolved      { shasum: '21220d9c63afc77a8c92111e011af705ce0c6901',
319 silly install resolved        size: 2861,
319 silly install resolved        noattachment: false,
319 silly install resolved        tarball: 'http://registry.npm.taobao.org/warning/download/warning-2.1.0.tgz' },
319 silly install resolved     directories: {},
319 silly install resolved     publish_time: 1443994015529,
319 silly install resolved     _cnpm_publish_time: 1443994015529,
319 silly install resolved     _resolved: 'https://registry.npm.taobao.org/warning/download/warning-2.1.0.tgz',
319 silly install resolved     readme: 'ERROR: No README data found!' } ]
320 info install invariant@2.2.0 into E:\redux2\node_modules\history
321 info install deep-equal@1.0.1 into E:\redux2\node_modules\history
322 info install query-string@3.0.0 into E:\redux2\node_modules\history
323 info install warning@2.1.0 into E:\redux2\node_modules\history
324 info installOne invariant@2.2.0
325 verbose installOne of invariant to E:\redux2\node_modules\history not in flight; installing
326 info installOne deep-equal@1.0.1
327 verbose installOne of deep-equal to E:\redux2\node_modules\history not in flight; installing
328 info installOne query-string@3.0.0
329 verbose installOne of query-string to E:\redux2\node_modules\history not in flight; installing
330 info installOne warning@2.1.0
331 verbose installOne of warning to E:\redux2\node_modules\history not in flight; installing
332 verbose lock using D:\Users\steven03.chen\.cnpm\_locks\warning-73a6d87108c37f6b.lock for E:\redux2\node_modules\history\node_modules\warning
333 verbose lock using D:\Users\steven03.chen\.cnpm\_locks\query-string-e6bbe492d60d6c60.lock for E:\redux2\node_modules\history\node_modules\query-string
334 silly install write writing warning 2.1.0 to E:\redux2\node_modules\history\node_modules\warning
335 silly install write writing query-string 3.0.0 to E:\redux2\node_modules\history\node_modules\query-string
336 verbose lock using D:\Users\steven03.chen\.cnpm\_locks\deep-equal-b4faa20724483144.lock for E:\redux2\node_modules\history\node_modules\deep-equal
337 silly install write writing deep-equal 1.0.1 to E:\redux2\node_modules\history\node_modules\deep-equal
338 verbose lock using D:\Users\steven03.chen\.cnpm\_locks\invariant-0e29a3470656d439.lock for E:\redux2\node_modules\history\node_modules\invariant
339 silly install write writing invariant 2.2.0 to E:\redux2\node_modules\history\node_modules\invariant
340 verbose unbuild node_modules\history\node_modules\warning
341 verbose unbuild node_modules\history\node_modules\query-string
342 verbose unbuild node_modules\history\node_modules\deep-equal
343 silly gentlyRm E:\redux2\node_modules\history\node_modules\warning is being purged from base E:\redux2
344 verbose gentlyRm don't care about contents; nuking E:\redux2\node_modules\history\node_modules\warning
345 silly gentlyRm E:\redux2\node_modules\history\node_modules\query-string is being purged from base E:\redux2
346 verbose gentlyRm don't care about contents; nuking E:\redux2\node_modules\history\node_modules\query-string
347 silly gentlyRm E:\redux2\node_modules\history\node_modules\deep-equal is being purged from base E:\redux2
348 verbose gentlyRm don't care about contents; nuking E:\redux2\node_modules\history\node_modules\deep-equal
349 verbose tar unpack D:\Users\steven03.chen\.cnpm\warning\2.1.0\package.tgz
350 verbose tar unpacking to E:\redux2\node_modules\history\node_modules\warning
351 silly gentlyRm E:\redux2\node_modules\history\node_modules\warning is being purged
352 verbose gentlyRm don't care about contents; nuking E:\redux2\node_modules\history\node_modules\warning
353 verbose unbuild node_modules\history\node_modules\invariant
354 verbose tar unpack D:\Users\steven03.chen\.cnpm\query-string\3.0.0\package.tgz
355 verbose tar unpacking to E:\redux2\node_modules\history\node_modules\query-string
356 silly gentlyRm E:\redux2\node_modules\history\node_modules\query-string is being purged
357 verbose gentlyRm don't care about contents; nuking E:\redux2\node_modules\history\node_modules\query-string
358 verbose tar unpack D:\Users\steven03.chen\.cnpm\deep-equal\1.0.1\package.tgz
359 verbose tar unpacking to E:\redux2\node_modules\history\node_modules\deep-equal
360 silly gentlyRm E:\redux2\node_modules\history\node_modules\deep-equal is being purged
361 verbose gentlyRm don't care about contents; nuking E:\redux2\node_modules\history\node_modules\deep-equal
362 silly gunzTarPerm modes [ '777', '666' ]
363 silly gunzTarPerm modes [ '777', '666' ]
364 silly gunzTarPerm modes [ '777', '666' ]
365 silly gentlyRm E:\redux2\node_modules\history\node_modules\invariant is being purged from base E:\redux2
366 verbose gentlyRm don't care about contents; nuking E:\redux2\node_modules\history\node_modules\invariant
367 verbose tar unpack D:\Users\steven03.chen\.cnpm\invariant\2.2.0\package.tgz
368 verbose tar unpacking to E:\redux2\node_modules\history\node_modules\invariant
369 silly gentlyRm E:\redux2\node_modules\history\node_modules\invariant is being purged
370 verbose gentlyRm don't care about contents; nuking E:\redux2\node_modules\history\node_modules\invariant
371 silly gunzTarPerm modes [ '777', '666' ]
372 silly gunzTarPerm extractEntry package.json
373 silly gunzTarPerm modified mode [ 'package.json', 420, 438 ]
374 silly gunzTarPerm extractEntry package.json
375 silly gunzTarPerm modified mode [ 'package.json', 420, 438 ]
376 silly gunzTarPerm extractEntry package.json
377 silly gunzTarPerm modified mode [ 'package.json', 420, 438 ]
378 silly gunzTarPerm extractEntry package.json
379 silly gunzTarPerm modified mode [ 'package.json', 420, 438 ]
380 silly gunzTarPerm extractEntry LICENSE
381 silly gunzTarPerm modified mode [ 'LICENSE', 420, 438 ]
382 silly gunzTarPerm extractEntry index.js
383 silly gunzTarPerm modified mode [ 'index.js', 420, 438 ]
384 silly gunzTarPerm extractEntry index.js
385 silly gunzTarPerm modified mode [ 'index.js', 420, 438 ]
386 silly gunzTarPerm extractEntry license
387 silly gunzTarPerm modified mode [ 'license', 420, 438 ]
388 silly gunzTarPerm extractEntry README.md
389 silly gunzTarPerm modified mode [ 'README.md', 420, 438 ]
390 silly gunzTarPerm extractEntry browser.js
391 silly gunzTarPerm modified mode [ 'browser.js', 420, 438 ]
392 silly gunzTarPerm extractEntry README.md
393 silly gunzTarPerm modified mode [ 'README.md', 420, 438 ]
394 silly gunzTarPerm extractEntry browser.js
395 silly gunzTarPerm modified mode [ 'browser.js', 420, 438 ]
396 silly gunzTarPerm extractEntry warning.js
397 silly gunzTarPerm modified mode [ 'warning.js', 420, 438 ]
398 silly gunzTarPerm extractEntry CHANGELOG.md
399 silly gunzTarPerm modified mode [ 'CHANGELOG.md', 420, 438 ]
400 silly gunzTarPerm extractEntry .travis.yml
401 silly gunzTarPerm modified mode [ '.travis.yml', 420, 438 ]
402 silly gunzTarPerm extractEntry example/cmp.js
403 silly gunzTarPerm modified mode [ 'example/cmp.js', 420, 438 ]
404 silly gunzTarPerm extractEntry readme.md
405 silly gunzTarPerm modified mode [ 'readme.md', 420, 438 ]
406 silly gunzTarPerm extractEntry invariant.js
407 silly gunzTarPerm modified mode [ 'invariant.js', 420, 438 ]
408 silly gunzTarPerm extractEntry CHANGELOG.md
409 silly gunzTarPerm modified mode [ 'CHANGELOG.md', 420, 438 ]
410 silly gunzTarPerm extractEntry LICENSE.md
411 silly gunzTarPerm modified mode [ 'LICENSE.md', 420, 438 ]
412 silly gunzTarPerm extractEntry lib/is_arguments.js
413 silly gunzTarPerm modified mode [ 'lib/is_arguments.js', 420, 438 ]
414 silly gunzTarPerm extractEntry lib/keys.js
415 silly gunzTarPerm modified mode [ 'lib/keys.js', 420, 438 ]
416 silly gunzTarPerm extractEntry readme.markdown
417 silly gunzTarPerm modified mode [ 'readme.markdown', 420, 438 ]
418 silly gunzTarPerm extractEntry test/cmp.js
419 silly gunzTarPerm modified mode [ 'test/cmp.js', 420, 438 ]
420 verbose write writing to E:\redux2\node_modules\history\node_modules\query-string\package.json
421 verbose write writing to E:\redux2\node_modules\history\node_modules\invariant\package.json
422 info preinstall query-string@3.0.0
423 info preinstall invariant@2.2.0
424 verbose readDependencies loading dependencies from E:\redux2\node_modules\history\node_modules\query-string\package.json
425 verbose write writing to E:\redux2\node_modules\history\node_modules\warning\package.json
426 verbose readDependencies loading dependencies from E:\redux2\node_modules\history\node_modules\invariant\package.json
427 silly prepareForInstallMany adding strict-uri-encode@^1.0.0 from query-string dependencies
428 verbose readDependencies loading dependencies from E:\redux2\node_modules\history\node_modules\query-string\package.json
429 info preinstall warning@2.1.0
430 silly prepareForInstallMany adding loose-envify@^1.0.0 from invariant dependencies
431 verbose readDependencies loading dependencies from E:\redux2\node_modules\history\node_modules\invariant\package.json
432 verbose readDependencies loading dependencies from E:\redux2\node_modules\history\node_modules\warning\package.json
433 silly cache add args [ 'strict-uri-encode@^1.0.0', null ]
434 verbose cache add spec strict-uri-encode@^1.0.0
435 silly cache add parsed spec Result {
435 silly cache add   raw: 'strict-uri-encode@^1.0.0',
435 silly cache add   scope: null,
435 silly cache add   name: 'strict-uri-encode',
435 silly cache add   rawSpec: '^1.0.0',
435 silly cache add   spec: '>=1.0.0 <2.0.0',
435 silly cache add   type: 'range' }
436 silly addNamed strict-uri-encode@>=1.0.0 <2.0.0
437 verbose addNamed ">=1.0.0 <2.0.0" is a valid semver range for strict-uri-encode
438 silly addNameRange { name: 'strict-uri-encode',
438 silly addNameRange   range: '>=1.0.0 <2.0.0',
438 silly addNameRange   hasData: false }
439 silly mapToRegistry name strict-uri-encode
440 silly mapToRegistry using default registry
441 silly mapToRegistry registry https://registry.npm.taobao.org/
442 silly mapToRegistry uri https://registry.npm.taobao.org/strict-uri-encode
443 verbose addNameRange registry:https://registry.npm.taobao.org/strict-uri-encode not in flight; fetching
444 silly prepareForInstallMany adding loose-envify@^1.0.0 from warning dependencies
445 verbose readDependencies loading dependencies from E:\redux2\node_modules\history\node_modules\warning\package.json
446 silly cache add args [ 'loose-envify@^1.0.0', null ]
447 verbose cache add spec loose-envify@^1.0.0
448 silly cache add parsed spec Result {
448 silly cache add   raw: 'loose-envify@^1.0.0',
448 silly cache add   scope: null,
448 silly cache add   name: 'loose-envify',
448 silly cache add   rawSpec: '^1.0.0',
448 silly cache add   spec: '>=1.0.0 <2.0.0',
448 silly cache add   type: 'range' }
449 silly addNamed loose-envify@>=1.0.0 <2.0.0
450 verbose addNamed ">=1.0.0 <2.0.0" is a valid semver range for loose-envify
451 silly addNameRange { name: 'loose-envify', range: '>=1.0.0 <2.0.0', hasData: false }
452 silly mapToRegistry name loose-envify
453 silly mapToRegistry using default registry
454 silly mapToRegistry registry https://registry.npm.taobao.org/
455 silly mapToRegistry uri https://registry.npm.taobao.org/loose-envify
456 verbose addNameRange registry:https://registry.npm.taobao.org/loose-envify not in flight; fetching
457 verbose request uri https://registry.npm.taobao.org/strict-uri-encode
458 verbose request no auth needed
459 info attempt registry request try #1 at 18:35:39
460 verbose etag "142a-UIQpH8Q26iIDyWuNOSbpdw"
461 http request GET https://registry.npm.taobao.org/strict-uri-encode
462 verbose request uri https://registry.npm.taobao.org/loose-envify
463 verbose request no auth needed
464 info attempt registry request try #1 at 18:35:39
465 verbose etag "10ff-uzE930fra6COxBNe4i16tg"
466 http request GET https://registry.npm.taobao.org/loose-envify
467 silly cache add args [ 'loose-envify@^1.0.0', null ]
468 verbose cache add spec loose-envify@^1.0.0
469 silly cache add parsed spec Result {
469 silly cache add   raw: 'loose-envify@^1.0.0',
469 silly cache add   scope: null,
469 silly cache add   name: 'loose-envify',
469 silly cache add   rawSpec: '^1.0.0',
469 silly cache add   spec: '>=1.0.0 <2.0.0',
469 silly cache add   type: 'range' }
470 silly addNamed loose-envify@>=1.0.0 <2.0.0
471 verbose addNamed ">=1.0.0 <2.0.0" is a valid semver range for loose-envify
472 silly addNameRange { name: 'loose-envify', range: '>=1.0.0 <2.0.0', hasData: false }
473 silly mapToRegistry name loose-envify
474 silly mapToRegistry using default registry
475 silly mapToRegistry registry https://registry.npm.taobao.org/
476 silly mapToRegistry uri https://registry.npm.taobao.org/loose-envify
477 verbose addNameRange registry:https://registry.npm.taobao.org/loose-envify already in flight; waiting
478 verbose write writing to E:\redux2\node_modules\history\node_modules\deep-equal\package.json
479 info preinstall deep-equal@1.0.1
480 verbose readDependencies loading dependencies from E:\redux2\node_modules\history\node_modules\deep-equal\package.json
481 verbose readDependencies loading dependencies from E:\redux2\node_modules\history\node_modules\deep-equal\package.json
482 silly install resolved []
483 verbose about to build E:\redux2\node_modules\history\node_modules\deep-equal
484 info build E:\redux2\node_modules\history\node_modules\deep-equal
485 info linkStuff deep-equal@1.0.1
486 silly linkStuff deep-equal@1.0.1 has E:\redux2\node_modules\history\node_modules as its parent node_modules
487 verbose linkBins deep-equal@1.0.1
488 verbose linkMans deep-equal@1.0.1
489 verbose rebuildBundles deep-equal@1.0.1
490 info install deep-equal@1.0.1
491 info postinstall deep-equal@1.0.1
492 verbose unlock done using D:\Users\steven03.chen\.cnpm\_locks\deep-equal-b4faa20724483144.lock for E:\redux2\node_modules\history\node_modules\deep-equal
493 http 304 https://registry.npm.taobao.org/loose-envify
494 verbose headers { date: 'Mon, 14 Dec 2015 10:35:39 GMT',
494 verbose headers   connection: 'keep-alive',
494 verbose headers   etag: '"10ff-uzE930fra6COxBNe4i16tg"',
494 verbose headers   'x-readtime': '15' }
495 silly get cb [ 304,
495 silly get   { date: 'Mon, 14 Dec 2015 10:35:39 GMT',
495 silly get     connection: 'keep-alive',
495 silly get     etag: '"10ff-uzE930fra6COxBNe4i16tg"',
495 silly get     'x-readtime': '15' } ]
496 verbose etag https://registry.npm.taobao.org/loose-envify from cache
497 verbose get saving loose-envify to D:\Users\steven03.chen\.cnpm\registry.npm.taobao.org\loose-envify\.cache.json
498 silly addNameRange number 2 { name: 'loose-envify', range: '>=1.0.0 <2.0.0', hasData: true }
499 silly addNameRange versions [ 'loose-envify', [ '1.1.0', '1.0.0' ] ]
500 silly addNamed loose-envify@1.1.0
501 verbose addNamed "1.1.0" is a plain semver version for loose-envify
502 silly addNameRange number 2 { name: 'loose-envify', range: '>=1.0.0 <2.0.0', hasData: true }
503 silly addNameRange versions [ 'loose-envify', [ '1.1.0', '1.0.0' ] ]
504 silly addNamed loose-envify@1.1.0
505 verbose addNamed "1.1.0" is a plain semver version for loose-envify
506 silly cache afterAdd loose-envify@1.1.0
507 verbose afterAdd D:\Users\steven03.chen\.cnpm\loose-envify\1.1.0\package\package.json not in flight; writing
508 silly cache afterAdd loose-envify@1.1.0
509 verbose afterAdd D:\Users\steven03.chen\.cnpm\loose-envify\1.1.0\package\package.json already in flight; not writing
510 verbose afterAdd D:\Users\steven03.chen\.cnpm\loose-envify\1.1.0\package\package.json written
511 silly install resolved [ { name: 'loose-envify',
511 silly install resolved     version: '1.1.0',
511 silly install resolved     description: 'Fast (and loose) selective `process.env` replacer using js-tokens instead of an AST',
511 silly install resolved     keywords:
511 silly install resolved      [ 'environment',
511 silly install resolved        'variables',
511 silly install resolved        'browserify',
511 silly install resolved        'browserify-transform',
511 silly install resolved        'transform',
511 silly install resolved        'source',
511 silly install resolved        'configuration' ],
511 silly install resolved     homepage: 'https://github.com/zertosh/loose-envify',
511 silly install resolved     license: 'MIT',
511 silly install resolved     author: { name: 'Andres Suarez', email: 'zertosh@gmail.com' },
511 silly install resolved     repository:
511 silly install resolved      { type: 'git',
511 silly install resolved        url: 'git://github.com/zertosh/loose-envify.git' },
511 silly install resolved     scripts: { test: 'tap test/*.js' },
511 silly install resolved     dependencies: { 'js-tokens': '^1.0.1' },
511 silly install resolved     devDependencies: { browserify: '^11.0.1', envify: '^3.4.0', tap: '^1.4.0' },
511 silly install resolved     gitHead: 'f536f4fdbde317d77827ac8655c6c8473928b9e1',
511 silly install resolved     bugs: { url: 'https://github.com/zertosh/loose-envify/issues' },
511 silly install resolved     _id: 'loose-envify@1.1.0',
511 silly install resolved     _shasum: '527582d62cff4e04da3f9976c7110d3392ec7e0c',
511 silly install resolved     _from: 'loose-envify@>=1.0.0 <2.0.0',
511 silly install resolved     _npmVersion: '2.14.4',
511 silly install resolved     _nodeVersion: '4.1.2',
511 silly install resolved     _npmUser: { name: 'zertosh', email: 'zertosh@gmail.com' },
511 silly install resolved     maintainers: [ [Object] ],
511 silly install resolved     dist:
511 silly install resolved      { shasum: '527582d62cff4e04da3f9976c7110d3392ec7e0c',
511 silly install resolved        size: 2020,
511 silly install resolved        noattachment: false,
511 silly install resolved        tarball: 'http://registry.npm.taobao.org/loose-envify/download/loose-envify-1.1.0.tgz' },
511 silly install resolved     directories: {},
511 silly install resolved     publish_time: 1445179338633,
511 silly install resolved     _cnpm_publish_time: 1445179338633,
511 silly install resolved     _resolved: 'https://registry.npm.taobao.org/loose-envify/download/loose-envify-1.1.0.tgz',
511 silly install resolved     readme: 'ERROR: No README data found!' } ]
512 info install loose-envify@1.1.0 into E:\redux2\node_modules\history\node_modules\invariant
513 info installOne loose-envify@1.1.0
514 verbose installOne of loose-envify to E:\redux2\node_modules\history\node_modules\invariant not in flight; installing
515 silly install resolved [ { name: 'loose-envify',
515 silly install resolved     version: '1.1.0',
515 silly install resolved     description: 'Fast (and loose) selective `process.env` replacer using js-tokens instead of an AST',
515 silly install resolved     keywords:
515 silly install resolved      [ 'environment',
515 silly install resolved        'variables',
515 silly install resolved        'browserify',
515 silly install resolved        'browserify-transform',
515 silly install resolved        'transform',
515 silly install resolved        'source',
515 silly install resolved        'configuration' ],
515 silly install resolved     homepage: 'https://github.com/zertosh/loose-envify',
515 silly install resolved     license: 'MIT',
515 silly install resolved     author: { name: 'Andres Suarez', email: 'zertosh@gmail.com' },
515 silly install resolved     repository:
515 silly install resolved      { type: 'git',
515 silly install resolved        url: 'git://github.com/zertosh/loose-envify.git' },
515 silly install resolved     scripts: { test: 'tap test/*.js' },
515 silly install resolved     dependencies: { 'js-tokens': '^1.0.1' },
515 silly install resolved     devDependencies: { browserify: '^11.0.1', envify: '^3.4.0', tap: '^1.4.0' },
515 silly install resolved     gitHead: 'f536f4fdbde317d77827ac8655c6c8473928b9e1',
515 silly install resolved     bugs: { url: 'https://github.com/zertosh/loose-envify/issues' },
515 silly install resolved     _id: 'loose-envify@1.1.0',
515 silly install resolved     _shasum: '527582d62cff4e04da3f9976c7110d3392ec7e0c',
515 silly install resolved     _from: 'loose-envify@>=1.0.0 <2.0.0',
515 silly install resolved     _npmVersion: '2.14.4',
515 silly install resolved     _nodeVersion: '4.1.2',
515 silly install resolved     _npmUser: { name: 'zertosh', email: 'zertosh@gmail.com' },
515 silly install resolved     maintainers: [ [Object] ],
515 silly install resolved     dist:
515 silly install resolved      { shasum: '527582d62cff4e04da3f9976c7110d3392ec7e0c',
515 silly install resolved        size: 2020,
515 silly install resolved        noattachment: false,
515 silly install resolved        tarball: 'http://registry.npm.taobao.org/loose-envify/download/loose-envify-1.1.0.tgz' },
515 silly install resolved     directories: {},
515 silly install resolved     publish_time: 1445179338633,
515 silly install resolved     _cnpm_publish_time: 1445179338633,
515 silly install resolved     _resolved: 'https://registry.npm.taobao.org/loose-envify/download/loose-envify-1.1.0.tgz',
515 silly install resolved     readme: 'ERROR: No README data found!' } ]
516 info install loose-envify@1.1.0 into E:\redux2\node_modules\history\node_modules\warning
517 info installOne loose-envify@1.1.0
518 verbose installOne of loose-envify to E:\redux2\node_modules\history\node_modules\warning not in flight; installing
519 verbose lock using D:\Users\steven03.chen\.cnpm\_locks\loose-envify-1878a53858092867.lock for E:\redux2\node_modules\history\node_modules\invariant\node_modules\loose-envify
520 verbose lock using D:\Users\steven03.chen\.cnpm\_locks\loose-envify-60968b56eb7b5bb7.lock for E:\redux2\node_modules\history\node_modules\warning\node_modules\loose-envify
521 silly install write writing loose-envify 1.1.0 to E:\redux2\node_modules\history\node_modules\invariant\node_modules\loose-envify
522 silly install write writing loose-envify 1.1.0 to E:\redux2\node_modules\history\node_modules\warning\node_modules\loose-envify
523 verbose unbuild node_modules\history\node_modules\invariant\node_modules\loose-envify
524 verbose unbuild node_modules\history\node_modules\warning\node_modules\loose-envify
525 silly gentlyRm E:\redux2\node_modules\history\node_modules\invariant\node_modules\loose-envify is being purged from base E:\redux2
526 verbose gentlyRm don't care about contents; nuking E:\redux2\node_modules\history\node_modules\invariant\node_modules\loose-envify
527 silly gentlyRm E:\redux2\node_modules\history\node_modules\warning\node_modules\loose-envify is being purged from base E:\redux2
528 verbose gentlyRm don't care about contents; nuking E:\redux2\node_modules\history\node_modules\warning\node_modules\loose-envify
529 http 304 https://registry.npm.taobao.org/strict-uri-encode
530 verbose headers { date: 'Mon, 14 Dec 2015 10:35:39 GMT',
530 verbose headers   connection: 'keep-alive',
530 verbose headers   etag: '"142a-UIQpH8Q26iIDyWuNOSbpdw"',
530 verbose headers   'x-readtime': '22' }
531 silly get cb [ 304,
531 silly get   { date: 'Mon, 14 Dec 2015 10:35:39 GMT',
531 silly get     connection: 'keep-alive',
531 silly get     etag: '"142a-UIQpH8Q26iIDyWuNOSbpdw"',
531 silly get     'x-readtime': '22' } ]
532 verbose etag https://registry.npm.taobao.org/strict-uri-encode from cache
533 verbose get saving strict-uri-encode to D:\Users\steven03.chen\.cnpm\registry.npm.taobao.org\strict-uri-encode\.cache.json
534 verbose tar unpack D:\Users\steven03.chen\.cnpm\loose-envify\1.1.0\package.tgz
535 verbose tar unpacking to E:\redux2\node_modules\history\node_modules\invariant\node_modules\loose-envify
536 silly gentlyRm E:\redux2\node_modules\history\node_modules\invariant\node_modules\loose-envify is being purged
537 verbose gentlyRm don't care about contents; nuking E:\redux2\node_modules\history\node_modules\invariant\node_modules\loose-envify
538 verbose tar unpack D:\Users\steven03.chen\.cnpm\loose-envify\1.1.0\package.tgz
539 verbose tar unpacking to E:\redux2\node_modules\history\node_modules\warning\node_modules\loose-envify
540 silly gentlyRm E:\redux2\node_modules\history\node_modules\warning\node_modules\loose-envify is being purged
541 verbose gentlyRm don't care about contents; nuking E:\redux2\node_modules\history\node_modules\warning\node_modules\loose-envify
542 silly gunzTarPerm modes [ '777', '666' ]
543 silly gunzTarPerm modes [ '777', '666' ]
544 silly addNameRange number 2 { name: 'strict-uri-encode',
544 silly addNameRange   range: '>=1.0.0 <2.0.0',
544 silly addNameRange   hasData: true }
545 silly addNameRange versions [ 'strict-uri-encode', [ '1.0.2', '1.0.1', '1.0.0' ] ]
546 silly addNamed strict-uri-encode@1.0.2
547 verbose addNamed "1.0.2" is a plain semver version for strict-uri-encode
548 silly gunzTarPerm extractEntry package.json
549 silly gunzTarPerm modified mode [ 'package.json', 420, 438 ]
550 silly gunzTarPerm extractEntry package.json
551 silly gunzTarPerm modified mode [ 'package.json', 420, 438 ]
552 silly gunzTarPerm extractEntry .npmignore
553 silly gunzTarPerm modified mode [ '.npmignore', 420, 438 ]
554 silly gunzTarPerm extractEntry README.md
555 silly gunzTarPerm modified mode [ 'README.md', 420, 438 ]
556 silly cache afterAdd strict-uri-encode@1.0.2
557 verbose afterAdd D:\Users\steven03.chen\.cnpm\strict-uri-encode\1.0.2\package\package.json not in flight; writing
558 silly gunzTarPerm extractEntry .npmignore
559 silly gunzTarPerm modified mode [ '.npmignore', 420, 438 ]
560 silly gunzTarPerm extractEntry README.md
561 silly gunzTarPerm modified mode [ 'README.md', 420, 438 ]
562 verbose afterAdd D:\Users\steven03.chen\.cnpm\strict-uri-encode\1.0.2\package\package.json written
563 silly install resolved [ { name: 'strict-uri-encode',
563 silly install resolved     version: '1.0.2',
563 silly install resolved     description: 'A stricter URI encode adhering to RFC 3986',
563 silly install resolved     license: 'MIT',
563 silly install resolved     repository:
563 silly install resolved      { type: 'git',
563 silly install resolved        url: 'git+https://github.com/kevva/strict-uri-encode.git' },
563 silly install resolved     author:
563 silly install resolved      { name: 'Kevin Mrtensson',
563 silly install resolved        email: 'kevinmartensson@gmail.com',
563 silly install resolved        url: 'github.com/kevva' },
563 silly install resolved     engines: { node: '>=0.10.0' },
563 silly install resolved     scripts: { test: 'node test.js' },
563 silly install resolved     files: [ 'index.js' ],
563 silly install resolved     keywords: [ 'component', 'encode', 'RFC3986', 'uri' ],
563 silly install resolved     devDependencies: { ava: '^0.0.4' },
563 silly install resolved     gitHead: '51bafa0f2b1fe626b3bb76affdedf6a8468053b3',
563 silly install resolved     bugs: { url: 'https://github.com/kevva/strict-uri-encode/issues' },
563 silly install resolved     homepage: 'https://github.com/kevva/strict-uri-encode#readme',
563 silly install resolved     _id: 'strict-uri-encode@1.0.2',
563 silly install resolved     _shasum: 'fd19e639d89a766256a33e611d38415df8d6058d',
563 silly install resolved     _from: 'strict-uri-encode@>=1.0.0 <2.0.0',
563 silly install resolved     _npmVersion: '3.1.2',
563 silly install resolved     _nodeVersion: '2.3.0',
563 silly install resolved     _npmUser: { name: 'kevva', email: 'kevinmartensson@gmail.com' },
563 silly install resolved     maintainers: [ [Object] ],
563 silly install resolved     dist:
563 silly install resolved      { shasum: 'fd19e639d89a766256a33e611d38415df8d6058d',
563 silly install resolved        size: 1533,
563 silly install resolved        noattachment: false,
563 silly install resolved        tarball: 'http://registry.npm.taobao.org/strict-uri-encode/download/strict-uri-encode-1.0.2.tgz' },
563 silly install resolved     directories: {},
563 silly install resolved     publish_time: 1437983894524,
563 silly install resolved     _cnpm_publish_time: 1437983894524,
563 silly install resolved     _resolved: 'https://registry.npm.taobao.org/strict-uri-encode/download/strict-uri-encode-1.0.2.tgz',
563 silly install resolved     readme: 'ERROR: No README data found!' } ]
564 info install strict-uri-encode@1.0.2 into E:\redux2\node_modules\history\node_modules\query-string
565 info installOne strict-uri-encode@1.0.2
566 verbose installOne of strict-uri-encode to E:\redux2\node_modules\history\node_modules\query-string not in flight; installing
567 verbose lock using D:\Users\steven03.chen\.cnpm\_locks\strict-uri-encode-90c0838f1f3f0793.lock for E:\redux2\node_modules\history\node_modules\query-string\node_modules\strict-uri-encode
568 silly gunzTarPerm extractEntry index.js
569 silly gunzTarPerm modified mode [ 'index.js', 420, 438 ]
570 silly gunzTarPerm extractEntry custom.js
571 silly gunzTarPerm modified mode [ 'custom.js', 420, 438 ]
572 silly gunzTarPerm extractEntry index.js
573 silly gunzTarPerm modified mode [ 'index.js', 420, 438 ]
574 silly gunzTarPerm extractEntry custom.js
575 silly gunzTarPerm modified mode [ 'custom.js', 420, 438 ]
576 silly install write writing strict-uri-encode 1.0.2 to E:\redux2\node_modules\history\node_modules\query-string\node_modules\strict-uri-encode
577 verbose unbuild node_modules\history\node_modules\query-string\node_modules\strict-uri-encode
578 silly gentlyRm E:\redux2\node_modules\history\node_modules\query-string\node_modules\strict-uri-encode is being purged from base E:\redux2
579 verbose gentlyRm don't care about contents; nuking E:\redux2\node_modules\history\node_modules\query-string\node_modules\strict-uri-encode
580 verbose tar unpack D:\Users\steven03.chen\.cnpm\strict-uri-encode\1.0.2\package.tgz
581 verbose tar unpacking to E:\redux2\node_modules\history\node_modules\query-string\node_modules\strict-uri-encode
582 silly gentlyRm E:\redux2\node_modules\history\node_modules\query-string\node_modules\strict-uri-encode is being purged
583 verbose gentlyRm don't care about contents; nuking E:\redux2\node_modules\history\node_modules\query-string\node_modules\strict-uri-encode
584 silly gunzTarPerm modes [ '777', '666' ]
585 silly gunzTarPerm extractEntry loose-envify.js
586 silly gunzTarPerm modified mode [ 'loose-envify.js', 420, 438 ]
587 silly gunzTarPerm extractEntry replace.js
588 silly gunzTarPerm modified mode [ 'replace.js', 420, 438 ]
589 silly gunzTarPerm extractEntry loose-envify.js
590 silly gunzTarPerm modified mode [ 'loose-envify.js', 420, 438 ]
591 silly gunzTarPerm extractEntry replace.js
592 silly gunzTarPerm modified mode [ 'replace.js', 420, 438 ]
593 silly gunzTarPerm extractEntry package.json
594 silly gunzTarPerm modified mode [ 'package.json', 436, 438 ]
595 silly gunzTarPerm extractEntry index.js
596 silly gunzTarPerm modified mode [ 'index.js', 436, 438 ]
597 silly gunzTarPerm extractEntry license
598 silly gunzTarPerm modified mode [ 'license', 436, 438 ]
599 silly gunzTarPerm extractEntry readme.md
600 silly gunzTarPerm modified mode [ 'readme.md', 436, 438 ]
601 verbose write writing to E:\redux2\node_modules\history\node_modules\query-string\node_modules\strict-uri-encode\package.json
602 verbose write writing to E:\redux2\node_modules\history\node_modules\warning\node_modules\loose-envify\package.json
603 info preinstall strict-uri-encode@1.0.2
604 verbose write writing to E:\redux2\node_modules\history\node_modules\invariant\node_modules\loose-envify\package.json
605 verbose readDependencies loading dependencies from E:\redux2\node_modules\history\node_modules\query-string\node_modules\strict-uri-encode\package.json
606 verbose readDependencies loading dependencies from E:\redux2\node_modules\history\node_modules\query-string\node_modules\strict-uri-encode\package.json
607 info preinstall loose-envify@1.1.0
608 verbose readDependencies loading dependencies from E:\redux2\node_modules\history\node_modules\warning\node_modules\loose-envify\package.json
609 info preinstall loose-envify@1.1.0
610 silly install resolved []
611 verbose about to build E:\redux2\node_modules\history\node_modules\query-string\node_modules\strict-uri-encode
612 info build E:\redux2\node_modules\history\node_modules\query-string\node_modules\strict-uri-encode
613 verbose readDependencies loading dependencies from E:\redux2\node_modules\history\node_modules\invariant\node_modules\loose-envify\package.json
614 silly prepareForInstallMany adding js-tokens@^1.0.1 from loose-envify dependencies
615 verbose readDependencies loading dependencies from E:\redux2\node_modules\history\node_modules\warning\node_modules\loose-envify\package.json
616 info linkStuff strict-uri-encode@1.0.2
617 silly linkStuff strict-uri-encode@1.0.2 has E:\redux2\node_modules\history\node_modules\query-string\node_modules as its parent node_modules
618 silly prepareForInstallMany adding js-tokens@^1.0.1 from loose-envify dependencies
619 verbose readDependencies loading dependencies from E:\redux2\node_modules\history\node_modules\invariant\node_modules\loose-envify\package.json
620 verbose linkBins strict-uri-encode@1.0.2
621 verbose linkMans strict-uri-encode@1.0.2
622 verbose rebuildBundles strict-uri-encode@1.0.2
623 silly cache add args [ 'js-tokens@^1.0.1', null ]
624 verbose cache add spec js-tokens@^1.0.1
625 silly cache add args [ 'js-tokens@^1.0.1', null ]
626 verbose cache add spec js-tokens@^1.0.1
627 silly cache add parsed spec Result {
627 silly cache add   raw: 'js-tokens@^1.0.1',
627 silly cache add   scope: null,
627 silly cache add   name: 'js-tokens',
627 silly cache add   rawSpec: '^1.0.1',
627 silly cache add   spec: '>=1.0.1 <2.0.0',
627 silly cache add   type: 'range' }
628 silly addNamed js-tokens@>=1.0.1 <2.0.0
629 verbose addNamed ">=1.0.1 <2.0.0" is a valid semver range for js-tokens
630 silly addNameRange { name: 'js-tokens', range: '>=1.0.1 <2.0.0', hasData: false }
631 silly mapToRegistry name js-tokens
632 silly mapToRegistry using default registry
633 silly mapToRegistry registry https://registry.npm.taobao.org/
634 silly mapToRegistry uri https://registry.npm.taobao.org/js-tokens
635 verbose addNameRange registry:https://registry.npm.taobao.org/js-tokens not in flight; fetching
636 silly cache add parsed spec Result {
636 silly cache add   raw: 'js-tokens@^1.0.1',
636 silly cache add   scope: null,
636 silly cache add   name: 'js-tokens',
636 silly cache add   rawSpec: '^1.0.1',
636 silly cache add   spec: '>=1.0.1 <2.0.0',
636 silly cache add   type: 'range' }
637 silly addNamed js-tokens@>=1.0.1 <2.0.0
638 verbose addNamed ">=1.0.1 <2.0.0" is a valid semver range for js-tokens
639 silly addNameRange { name: 'js-tokens', range: '>=1.0.1 <2.0.0', hasData: false }
640 silly mapToRegistry name js-tokens
641 silly mapToRegistry using default registry
642 silly mapToRegistry registry https://registry.npm.taobao.org/
643 silly mapToRegistry uri https://registry.npm.taobao.org/js-tokens
644 verbose addNameRange registry:https://registry.npm.taobao.org/js-tokens already in flight; waiting
645 info install strict-uri-encode@1.0.2
646 info postinstall strict-uri-encode@1.0.2
647 verbose request uri https://registry.npm.taobao.org/js-tokens
648 verbose request no auth needed
649 info attempt registry request try #1 at 18:35:39
650 verbose etag "43c4-d3SnaA5bUQnH5T5yRnvxcw"
651 http request GET https://registry.npm.taobao.org/js-tokens
652 verbose unlock done using D:\Users\steven03.chen\.cnpm\_locks\strict-uri-encode-90c0838f1f3f0793.lock for E:\redux2\node_modules\history\node_modules\query-string\node_modules\strict-uri-encode
653 verbose about to build E:\redux2\node_modules\history\node_modules\query-string
654 info build E:\redux2\node_modules\history\node_modules\query-string
655 info linkStuff query-string@3.0.0
656 silly linkStuff query-string@3.0.0 has E:\redux2\node_modules\history\node_modules as its parent node_modules
657 verbose linkBins query-string@3.0.0
658 verbose linkMans query-string@3.0.0
659 verbose rebuildBundles query-string@3.0.0
660 verbose rebuildBundles [ 'strict-uri-encode' ]
661 info install query-string@3.0.0
662 info postinstall query-string@3.0.0
663 verbose unlock done using D:\Users\steven03.chen\.cnpm\_locks\query-string-e6bbe492d60d6c60.lock for E:\redux2\node_modules\history\node_modules\query-string
664 http 304 https://registry.npm.taobao.org/js-tokens
665 verbose headers { date: 'Mon, 14 Dec 2015 10:35:39 GMT',
665 verbose headers   connection: 'keep-alive',
665 verbose headers   etag: '"43c4-d3SnaA5bUQnH5T5yRnvxcw"',
665 verbose headers   'x-readtime': '22' }
666 silly get cb [ 304,
666 silly get   { date: 'Mon, 14 Dec 2015 10:35:39 GMT',
666 silly get     connection: 'keep-alive',
666 silly get     etag: '"43c4-d3SnaA5bUQnH5T5yRnvxcw"',
666 silly get     'x-readtime': '22' } ]
667 verbose etag https://registry.npm.taobao.org/js-tokens from cache
668 verbose get saving js-tokens to D:\Users\steven03.chen\.cnpm\registry.npm.taobao.org\js-tokens\.cache.json
669 silly addNameRange number 2 { name: 'js-tokens', range: '>=1.0.1 <2.0.0', hasData: true }
670 silly addNameRange versions [ 'js-tokens',
670 silly addNameRange   [ '1.0.2',
670 silly addNameRange     '1.0.1',
670 silly addNameRange     '1.0.0',
670 silly addNameRange     '0.4.1',
670 silly addNameRange     '0.4.0',
670 silly addNameRange     '0.3.1',
670 silly addNameRange     '0.3.0',
670 silly addNameRange     '0.2.0',
670 silly addNameRange     '0.1.0' ] ]
671 silly addNamed js-tokens@1.0.2
672 verbose addNamed "1.0.2" is a plain semver version for js-tokens
673 silly addNameRange number 2 { name: 'js-tokens', range: '>=1.0.1 <2.0.0', hasData: true }
674 silly addNameRange versions [ 'js-tokens',
674 silly addNameRange   [ '1.0.2',
674 silly addNameRange     '1.0.1',
674 silly addNameRange     '1.0.0',
674 silly addNameRange     '0.4.1',
674 silly addNameRange     '0.4.0',
674 silly addNameRange     '0.3.1',
674 silly addNameRange     '0.3.0',
674 silly addNameRange     '0.2.0',
674 silly addNameRange     '0.1.0' ] ]
675 silly addNamed js-tokens@1.0.2
676 verbose addNamed "1.0.2" is a plain semver version for js-tokens
677 silly cache afterAdd js-tokens@1.0.2
678 verbose afterAdd D:\Users\steven03.chen\.cnpm\js-tokens\1.0.2\package\package.json not in flight; writing
679 silly cache afterAdd js-tokens@1.0.2
680 verbose afterAdd D:\Users\steven03.chen\.cnpm\js-tokens\1.0.2\package\package.json already in flight; not writing
681 verbose afterAdd D:\Users\steven03.chen\.cnpm\js-tokens\1.0.2\package\package.json written
682 silly install resolved [ { name: 'js-tokens',
682 silly install resolved     version: '1.0.2',
682 silly install resolved     author: { name: 'Simon Lydell' },
682 silly install resolved     license: 'MIT',
682 silly install resolved     description: 'A regex that tokenizes JavaScript.',
682 silly install resolved     keywords: [ 'JavaScript', 'js', 'token', 'tokenize', 'regex' ],
682 silly install resolved     files: [ 'index.js' ],
682 silly install resolved     repository:
682 silly install resolved      { type: 'git',
682 silly install resolved        url: 'git+https://github.com/lydell/js-tokens.git' },
682 silly install resolved     scripts:
682 silly install resolved      { test: 'mocha --ui tdd',
682 silly install resolved        'esprima-compare': 'node esprima-compare ./index.js everything.js/es5.js',
682 silly install resolved        build: 'node generate-index.js',
682 silly install resolved        dev: 'npm run build && npm test' },
682 silly install resolved     devDependencies:
682 silly install resolved      { 'coffee-script': '~1.9.3',
682 silly install resolved        esprima: '^2.3.0',
682 silly install resolved        'everything.js': '^1.0.3',
682 silly install resolved        mocha: '^2.2.5' },
682 silly install resolved     gitHead: '90f0f0a217984625180414763234c923aeee4af5',
682 silly install resolved     bugs: { url: 'https://github.com/lydell/js-tokens/issues' },
682 silly install resolved     homepage: 'https://github.com/lydell/js-tokens#readme',
682 silly install resolved     _id: 'js-tokens@1.0.2',
682 silly install resolved     _shasum: '8647f7e13f64ac15d9357a59a346c804d53b3efe',
682 silly install resolved     _from: 'js-tokens@>=1.0.1 <2.0.0',
682 silly install resolved     _npmVersion: '2.14.7',
682 silly install resolved     _nodeVersion: '4.2.1',
682 silly install resolved     _npmUser: { name: 'lydell', email: 'simon.lydell@gmail.com' },
682 silly install resolved     dist:
682 silly install resolved      { shasum: '8647f7e13f64ac15d9357a59a346c804d53b3efe',
682 silly install resolved        size: 5210,
682 silly install resolved        noattachment: false,
682 silly install resolved        tarball: 'http://registry.npm.taobao.org/js-tokens/download/js-tokens-1.0.2.tgz' },
682 silly install resolved     maintainers: [ [Object] ],
682 silly install resolved     directories: {},
682 silly install resolved     publish_time: 1445180447347,
682 silly install resolved     _cnpm_publish_time: 1445180447347,
682 silly install resolved     _resolved: 'https://registry.npm.taobao.org/js-tokens/download/js-tokens-1.0.2.tgz',
682 silly install resolved     readme: 'ERROR: No README data found!' } ]
683 info install js-tokens@1.0.2 into E:\redux2\node_modules\history\node_modules\warning\node_modules\loose-envify
684 info installOne js-tokens@1.0.2
685 verbose installOne of js-tokens to E:\redux2\node_modules\history\node_modules\warning\node_modules\loose-envify not in flight; installing
686 silly install resolved [ { name: 'js-tokens',
686 silly install resolved     version: '1.0.2',
686 silly install resolved     author: { name: 'Simon Lydell' },
686 silly install resolved     license: 'MIT',
686 silly install resolved     description: 'A regex that tokenizes JavaScript.',
686 silly install resolved     keywords: [ 'JavaScript', 'js', 'token', 'tokenize', 'regex' ],
686 silly install resolved     files: [ 'index.js' ],
686 silly install resolved     repository:
686 silly install resolved      { type: 'git',
686 silly install resolved        url: 'git+https://github.com/lydell/js-tokens.git' },
686 silly install resolved     scripts:
686 silly install resolved      { test: 'mocha --ui tdd',
686 silly install resolved        'esprima-compare': 'node esprima-compare ./index.js everything.js/es5.js',
686 silly install resolved        build: 'node generate-index.js',
686 silly install resolved        dev: 'npm run build && npm test' },
686 silly install resolved     devDependencies:
686 silly install resolved      { 'coffee-script': '~1.9.3',
686 silly install resolved        esprima: '^2.3.0',
686 silly install resolved        'everything.js': '^1.0.3',
686 silly install resolved        mocha: '^2.2.5' },
686 silly install resolved     gitHead: '90f0f0a217984625180414763234c923aeee4af5',
686 silly install resolved     bugs: { url: 'https://github.com/lydell/js-tokens/issues' },
686 silly install resolved     homepage: 'https://github.com/lydell/js-tokens#readme',
686 silly install resolved     _id: 'js-tokens@1.0.2',
686 silly install resolved     _shasum: '8647f7e13f64ac15d9357a59a346c804d53b3efe',
686 silly install resolved     _from: 'js-tokens@>=1.0.1 <2.0.0',
686 silly install resolved     _npmVersion: '2.14.7',
686 silly install resolved     _nodeVersion: '4.2.1',
686 silly install resolved     _npmUser: { name: 'lydell', email: 'simon.lydell@gmail.com' },
686 silly install resolved     dist:
686 silly install resolved      { shasum: '8647f7e13f64ac15d9357a59a346c804d53b3efe',
686 silly install resolved        size: 5210,
686 silly install resolved        noattachment: false,
686 silly install resolved        tarball: 'http://registry.npm.taobao.org/js-tokens/download/js-tokens-1.0.2.tgz' },
686 silly install resolved     maintainers: [ [Object] ],
686 silly install resolved     directories: {},
686 silly install resolved     publish_time: 1445180447347,
686 silly install resolved     _cnpm_publish_time: 1445180447347,
686 silly install resolved     _resolved: 'https://registry.npm.taobao.org/js-tokens/download/js-tokens-1.0.2.tgz',
686 silly install resolved     readme: 'ERROR: No README data found!' } ]
687 info install js-tokens@1.0.2 into E:\redux2\node_modules\history\node_modules\invariant\node_modules\loose-envify
688 info installOne js-tokens@1.0.2
689 verbose installOne of js-tokens to E:\redux2\node_modules\history\node_modules\invariant\node_modules\loose-envify not in flight; installing
690 verbose lock using D:\Users\steven03.chen\.cnpm\_locks\js-tokens-4f1dcee21f889762.lock for E:\redux2\node_modules\history\node_modules\warning\node_modules\loose-envify\node_modules\js-tokens
691 verbose lock using D:\Users\steven03.chen\.cnpm\_locks\js-tokens-8cf8956bd3d6a975.lock for E:\redux2\node_modules\history\node_modules\invariant\node_modules\loose-envify\node_modules\js-tokens
692 silly install write writing js-tokens 1.0.2 to E:\redux2\node_modules\history\node_modules\warning\node_modules\loose-envify\node_modules\js-tokens
693 silly install write writing js-tokens 1.0.2 to E:\redux2\node_modules\history\node_modules\invariant\node_modules\loose-envify\node_modules\js-tokens
694 verbose unbuild node_modules\history\node_modules\warning\node_modules\loose-envify\node_modules\js-tokens
695 silly gentlyRm E:\redux2\node_modules\history\node_modules\warning\node_modules\loose-envify\node_modules\js-tokens is being purged from base E:\redux2
696 verbose gentlyRm don't care about contents; nuking E:\redux2\node_modules\history\node_modules\warning\node_modules\loose-envify\node_modules\js-tokens
697 verbose unbuild node_modules\history\node_modules\invariant\node_modules\loose-envify\node_modules\js-tokens
698 verbose tar unpack D:\Users\steven03.chen\.cnpm\js-tokens\1.0.2\package.tgz
699 verbose tar unpacking to E:\redux2\node_modules\history\node_modules\warning\node_modules\loose-envify\node_modules\js-tokens
700 silly gentlyRm E:\redux2\node_modules\history\node_modules\warning\node_modules\loose-envify\node_modules\js-tokens is being purged
701 verbose gentlyRm don't care about contents; nuking E:\redux2\node_modules\history\node_modules\warning\node_modules\loose-envify\node_modules\js-tokens
702 silly gunzTarPerm modes [ '777', '666' ]
703 silly gentlyRm E:\redux2\node_modules\history\node_modules\invariant\node_modules\loose-envify\node_modules\js-tokens is being purged from base E:\redux2
704 verbose gentlyRm don't care about contents; nuking E:\redux2\node_modules\history\node_modules\invariant\node_modules\loose-envify\node_modules\js-tokens
705 verbose tar unpack D:\Users\steven03.chen\.cnpm\js-tokens\1.0.2\package.tgz
706 verbose tar unpacking to E:\redux2\node_modules\history\node_modules\invariant\node_modules\loose-envify\node_modules\js-tokens
707 silly gentlyRm E:\redux2\node_modules\history\node_modules\invariant\node_modules\loose-envify\node_modules\js-tokens is being purged
708 verbose gentlyRm don't care about contents; nuking E:\redux2\node_modules\history\node_modules\invariant\node_modules\loose-envify\node_modules\js-tokens
709 silly gunzTarPerm modes [ '777', '666' ]
710 silly gunzTarPerm extractEntry package.json
711 silly gunzTarPerm modified mode [ 'package.json', 436, 438 ]
712 silly gunzTarPerm extractEntry package.json
713 silly gunzTarPerm modified mode [ 'package.json', 436, 438 ]
714 silly gunzTarPerm extractEntry LICENSE
715 silly gunzTarPerm modified mode [ 'LICENSE', 436, 438 ]
716 silly gunzTarPerm extractEntry index.js
717 silly gunzTarPerm modified mode [ 'index.js', 436, 438 ]
718 silly gunzTarPerm extractEntry LICENSE
719 silly gunzTarPerm modified mode [ 'LICENSE', 436, 438 ]
720 silly gunzTarPerm extractEntry index.js
721 silly gunzTarPerm modified mode [ 'index.js', 436, 438 ]
722 silly gunzTarPerm extractEntry changelog.md
723 silly gunzTarPerm modified mode [ 'changelog.md', 436, 438 ]
724 silly gunzTarPerm extractEntry readme.md
725 silly gunzTarPerm modified mode [ 'readme.md', 436, 438 ]
726 silly gunzTarPerm extractEntry changelog.md
727 silly gunzTarPerm modified mode [ 'changelog.md', 436, 438 ]
728 silly gunzTarPerm extractEntry readme.md
729 silly gunzTarPerm modified mode [ 'readme.md', 436, 438 ]
730 verbose write writing to E:\redux2\node_modules\history\node_modules\invariant\node_modules\loose-envify\node_modules\js-tokens\package.json
731 verbose write writing to E:\redux2\node_modules\history\node_modules\warning\node_modules\loose-envify\node_modules\js-tokens\package.json
732 info preinstall js-tokens@1.0.2
733 info preinstall js-tokens@1.0.2
734 verbose readDependencies loading dependencies from E:\redux2\node_modules\history\node_modules\invariant\node_modules\loose-envify\node_modules\js-tokens\package.json
735 verbose readDependencies loading dependencies from E:\redux2\node_modules\history\node_modules\warning\node_modules\loose-envify\node_modules\js-tokens\package.json
736 verbose readDependencies loading dependencies from E:\redux2\node_modules\history\node_modules\invariant\node_modules\loose-envify\node_modules\js-tokens\package.json
737 verbose readDependencies loading dependencies from E:\redux2\node_modules\history\node_modules\warning\node_modules\loose-envify\node_modules\js-tokens\package.json
738 silly install resolved []
739 verbose about to build E:\redux2\node_modules\history\node_modules\invariant\node_modules\loose-envify\node_modules\js-tokens
740 info build E:\redux2\node_modules\history\node_modules\invariant\node_modules\loose-envify\node_modules\js-tokens
741 silly install resolved []
742 verbose about to build E:\redux2\node_modules\history\node_modules\warning\node_modules\loose-envify\node_modules\js-tokens
743 info build E:\redux2\node_modules\history\node_modules\warning\node_modules\loose-envify\node_modules\js-tokens
744 info linkStuff js-tokens@1.0.2
745 silly linkStuff js-tokens@1.0.2 has E:\redux2\node_modules\history\node_modules\invariant\node_modules\loose-envify\node_modules as its parent node_modules
746 info linkStuff js-tokens@1.0.2
747 silly linkStuff js-tokens@1.0.2 has E:\redux2\node_modules\history\node_modules\warning\node_modules\loose-envify\node_modules as its parent node_modules
748 verbose linkBins js-tokens@1.0.2
749 verbose linkMans js-tokens@1.0.2
750 verbose rebuildBundles js-tokens@1.0.2
751 info install js-tokens@1.0.2
752 verbose linkBins js-tokens@1.0.2
753 verbose linkMans js-tokens@1.0.2
754 verbose rebuildBundles js-tokens@1.0.2
755 info install js-tokens@1.0.2
756 info postinstall js-tokens@1.0.2
757 info postinstall js-tokens@1.0.2
758 verbose unlock done using D:\Users\steven03.chen\.cnpm\_locks\js-tokens-8cf8956bd3d6a975.lock for E:\redux2\node_modules\history\node_modules\invariant\node_modules\loose-envify\node_modules\js-tokens
759 verbose about to build E:\redux2\node_modules\history\node_modules\invariant\node_modules\loose-envify
760 info build E:\redux2\node_modules\history\node_modules\invariant\node_modules\loose-envify
761 verbose unlock done using D:\Users\steven03.chen\.cnpm\_locks\js-tokens-4f1dcee21f889762.lock for E:\redux2\node_modules\history\node_modules\warning\node_modules\loose-envify\node_modules\js-tokens
762 verbose about to build E:\redux2\node_modules\history\node_modules\warning\node_modules\loose-envify
763 info build E:\redux2\node_modules\history\node_modules\warning\node_modules\loose-envify
764 info linkStuff loose-envify@1.1.0
765 silly linkStuff loose-envify@1.1.0 has E:\redux2\node_modules\history\node_modules\invariant\node_modules as its parent node_modules
766 info linkStuff loose-envify@1.1.0
767 silly linkStuff loose-envify@1.1.0 has E:\redux2\node_modules\history\node_modules\warning\node_modules as its parent node_modules
768 verbose linkBins loose-envify@1.1.0
769 verbose linkMans loose-envify@1.1.0
770 verbose rebuildBundles loose-envify@1.1.0
771 verbose rebuildBundles [ 'js-tokens' ]
772 info install loose-envify@1.1.0
773 verbose linkBins loose-envify@1.1.0
774 verbose linkMans loose-envify@1.1.0
775 verbose rebuildBundles loose-envify@1.1.0
776 info postinstall loose-envify@1.1.0
777 verbose rebuildBundles [ 'js-tokens' ]
778 info install loose-envify@1.1.0
779 info postinstall loose-envify@1.1.0
780 verbose unlock done using D:\Users\steven03.chen\.cnpm\_locks\loose-envify-1878a53858092867.lock for E:\redux2\node_modules\history\node_modules\invariant\node_modules\loose-envify
781 verbose about to build E:\redux2\node_modules\history\node_modules\invariant
782 info build E:\redux2\node_modules\history\node_modules\invariant
783 verbose unlock done using D:\Users\steven03.chen\.cnpm\_locks\loose-envify-60968b56eb7b5bb7.lock for E:\redux2\node_modules\history\node_modules\warning\node_modules\loose-envify
784 verbose about to build E:\redux2\node_modules\history\node_modules\warning
785 info build E:\redux2\node_modules\history\node_modules\warning
786 info linkStuff invariant@2.2.0
787 silly linkStuff invariant@2.2.0 has E:\redux2\node_modules\history\node_modules as its parent node_modules
788 info linkStuff warning@2.1.0
789 silly linkStuff warning@2.1.0 has E:\redux2\node_modules\history\node_modules as its parent node_modules
790 verbose linkBins invariant@2.2.0
791 verbose linkMans invariant@2.2.0
792 verbose rebuildBundles invariant@2.2.0
793 verbose rebuildBundles [ 'loose-envify' ]
794 info install invariant@2.2.0
795 verbose linkBins warning@2.1.0
796 verbose linkMans warning@2.1.0
797 verbose rebuildBundles warning@2.1.0
798 info postinstall invariant@2.2.0
799 verbose rebuildBundles [ 'loose-envify' ]
800 info install warning@2.1.0
801 info postinstall warning@2.1.0
802 verbose unlock done using D:\Users\steven03.chen\.cnpm\_locks\invariant-0e29a3470656d439.lock for E:\redux2\node_modules\history\node_modules\invariant
803 verbose unlock done using D:\Users\steven03.chen\.cnpm\_locks\warning-73a6d87108c37f6b.lock for E:\redux2\node_modules\history\node_modules\warning
804 verbose about to build E:\redux2\node_modules\history
805 info build E:\redux2\node_modules\history
806 info linkStuff history@1.16.0
807 silly linkStuff history@1.16.0 has E:\redux2\node_modules as its parent node_modules
808 verbose linkBins history@1.16.0
809 verbose linkMans history@1.16.0
810 verbose rebuildBundles history@1.16.0
811 verbose rebuildBundles [ 'deep-equal', 'invariant', 'query-string', 'warning' ]
812 info install history@1.16.0
813 info postinstall history@1.16.0
814 verbose unsafe-perm in lifecycle true
815 verbose unlock done using D:\Users\steven03.chen\.cnpm\_locks\history-38fbbfd4bf90a8f0.lock for E:\redux2\node_modules\history
816 verbose validateInstall loading E:\redux2\package.json for validation
817 verbose stack Error: The package history@1.16.0 does not satisfy its siblings' peerDependencies requirements!
817 verbose stack     at D:\Users\steven03.chen\AppData\Roaming\npm\node_modules\cnpm\node_modules\npm\lib\install.js:125:32
817 verbose stack     at D:\Users\steven03.chen\AppData\Roaming\npm\node_modules\cnpm\node_modules\npm\lib\install.js:268:7
817 verbose stack     at D:\Users\steven03.chen\AppData\Roaming\npm\node_modules\cnpm\node_modules\npm\node_modules\read-installed\read-installed.js:142:5
817 verbose stack     at D:\Users\steven03.chen\AppData\Roaming\npm\node_modules\cnpm\node_modules\npm\node_modules\read-installed\read-installed.js:263:14
817 verbose stack     at cb (D:\Users\steven03.chen\AppData\Roaming\npm\node_modules\cnpm\node_modules\npm\node_modules\slide\lib\async-map.js:47:24)
817 verbose stack     at D:\Users\steven03.chen\AppData\Roaming\npm\node_modules\cnpm\node_modules\npm\node_modules\read-installed\read-installed.js:263:14
817 verbose stack     at cb (D:\Users\steven03.chen\AppData\Roaming\npm\node_modules\cnpm\node_modules\npm\node_modules\slide\lib\async-map.js:47:24)
817 verbose stack     at D:\Users\steven03.chen\AppData\Roaming\npm\node_modules\cnpm\node_modules\npm\node_modules\read-installed\read-installed.js:263:14
817 verbose stack     at cb (D:\Users\steven03.chen\AppData\Roaming\npm\node_modules\cnpm\node_modules\npm\node_modules\slide\lib\async-map.js:47:24)
817 verbose stack     at D:\Users\steven03.chen\AppData\Roaming\npm\node_modules\cnpm\node_modules\npm\node_modules\read-installed\read-installed.js:263:14
818 verbose cwd E:\redux2
819 error Windows_NT 6.1.7601
820 error argv "C:\\Program Files\\nodejs\\node.exe" "D:\\Users\\steven03.chen\\AppData\\Roaming\\npm\\node_modules\\cnpm\\node_modules\\npm\\bin\\npm-cli.js" "--userconfig=D:\\Users\\steven03.chen\\.cnpmrc" "--disturl=https://npm.taobao.org/mirrors/node" "--cache=D:\\Users\\steven03.chen\\.cnpm" "--registry=https://registry.npm.taobao.org" "--node-gyp=D:\\Users\\steven03.chen\\AppData\\Roaming\\npm\\node_modules\\cnpm\\node_modules\\node-gyp\\bin\\node-gyp.js" "install" "history" "--save"
821 error node v5.1.0
822 error npm  v2.14.13
823 error code EPEERINVALID
824 error peerinvalid The package history@1.16.0 does not satisfy its siblings' peerDependencies requirements!
824 error peerinvalid Peer react-router@1.0.2 wants history@1.13.x
825 verbose exit [ 1, true ]
